2025-07-05 23:28:39,804 | INFO | step_6_enrich_metadata | Enriching metadata for 133 movies
2025-07-05 23:28:40,043 | WARNING | step_6_enrich_metadata | No metadata found for Veeram / Jilla
2025-07-05 23:28:40,154 | WARNING | step_6_enrich_metadata | No metadata found for Kalki, Thanneer Mathan Dinangal
2025-07-05 23:28:40,265 | WARNING | step_6_enrich_metadata | No metadata found for Pyaar Impossible / Dulha Mil Gaya
2025-07-05 23:28:40,503 | INFO | step_6_enrich_metadata | Updated metadata for Namadhu
2025-07-05 23:28:40,615 | WARNING | step_6_enrich_metadata | No metadata found for Deconstructing Woody
2025-07-05 23:28:40,779 | WARNING | step_6_enrich_metadata | No metadata found for The Woman Who Ran, Suk Suk, The Roads Not Taken
2025-07-05 23:28:40,880 | WARNING | step_6_enrich_metadata | No metadata found for Kettiyolaanu Ente Malakha
2025-07-05 23:28:40,982 | WARNING | step_6_enrich_metadata | No metadata found for Kannil Mazhai
2025-07-05 23:28:41,086 | WARNING | step_6_enrich_metadata | No metadata found for Om Shanti Om
Saawariya
2025-07-05 23:28:41,200 | WARNING | step_6_enrich_metadata | No metadata found for 10 Enradhukulla
2025-07-05 23:28:41,354 | WARNING | step_6_enrich_metadata | No metadata found for U Me Aur Hum, Krazzy 4
2025-07-05 23:28:41,462 | WARNING | step_6_enrich_metadata | No metadata found for Moondru Per Moondru Kadal
2025-07-05 23:28:41,565 | WARNING | step_6_enrich_metadata | No metadata found for Neethane En Ponvasantham
2025-07-05 23:28:41,769 | INFO | step_6_enrich_metadata | Updated metadata for Qala
2025-07-05 23:28:41,878 | WARNING | step_6_enrich_metadata | No metadata found for Kalakalappu @ Masala Café
2025-07-05 23:28:42,031 | WARNING | step_6_enrich_metadata | No metadata found for One Hundred Years of Solitude
2025-07-05 23:28:42,134 | WARNING | step_6_enrich_metadata | No metadata found for As I’m Suffering from Mixed Feelings
2025-07-05 23:28:42,235 | WARNING | step_6_enrich_metadata | No metadata found for Thelivuppathaiyin Neesa Thooram (TNT)
2025-07-05 23:28:42,342 | WARNING | step_6_enrich_metadata | No metadata found for Kallachirippu
2025-07-05 23:28:42,438 | WARNING | step_6_enrich_metadata | No metadata found for Ameerin Aadhi Baghavan
2025-07-05 23:28:42,597 | WARNING | step_6_enrich_metadata | No metadata found for Kyaa Kool Hain Hum 3 / Mastizaade
2025-07-05 23:28:42,695 | WARNING | step_6_enrich_metadata | No metadata found for Into the Mouth of Madness
2025-07-05 23:28:42,799 | WARNING | step_6_enrich_metadata | No metadata found for Kadhal Parisu
2025-07-05 23:28:42,906 | WARNING | step_6_enrich_metadata | No metadata found for "What a Crock of Sith!"
2025-07-05 23:28:43,007 | WARNING | step_6_enrich_metadata | No metadata found for Contract / Kismat Konnection
2025-07-05 23:28:43,176 | WARNING | step_6_enrich_metadata | No metadata found for Cruel Tale of Bushido
2025-07-05 23:28:43,284 | WARNING | step_6_enrich_metadata | No metadata found for Aaha Kaadhal
2025-07-05 23:28:43,386 | WARNING | step_6_enrich_metadata | No metadata found for Thugs of Hindostan, 2.0
2025-07-05 23:28:43,484 | WARNING | step_6_enrich_metadata | No metadata found for Arre O Sambar
2025-07-05 23:28:43,578 | WARNING | step_6_enrich_metadata | No metadata found for Sufiyum Sujathayum
2025-07-05 23:28:43,741 | WARNING | step_6_enrich_metadata | No metadata found for Dada, OK Kanmani, VTK, Sarpatta Parambara, Anbe Sivam
2025-07-05 23:28:43,861 | WARNING | step_6_enrich_metadata | No metadata found for A view to a reevaluation
2025-07-05 23:28:43,984 | WARNING | step_6_enrich_metadata | No metadata found for Every Shankar film
2025-07-05 23:28:44,096 | WARNING | step_6_enrich_metadata | No metadata found for Sadiyaan / Tum Milo Toh Sahi
2025-07-05 23:28:44,198 | WARNING | step_6_enrich_metadata | No metadata found for Rann / Ishqiya
2025-07-05 23:28:44,375 | WARNING | step_6_enrich_metadata | No metadata found for Dial M for Master
2025-07-05 23:28:44,486 | WARNING | step_6_enrich_metadata | No metadata found for Indiana Shining
2025-07-05 23:28:44,589 | WARNING | step_6_enrich_metadata | No metadata found for O Kaadhal Kanmani
2025-07-05 23:28:44,688 | WARNING | step_6_enrich_metadata | No metadata found for The Heartbreak Kid / Enchanted / December Boys
2025-07-05 23:28:44,791 | WARNING | step_6_enrich_metadata | No metadata found for The movie being reviewed is "The Godfather".
2025-07-05 23:28:45,051 | INFO | step_6_enrich_metadata | Updated metadata for Mrs. America
2025-07-05 23:28:45,149 | WARNING | step_6_enrich_metadata | No metadata found for Mafia Mahabharata
2025-07-05 23:28:45,251 | WARNING | step_6_enrich_metadata | No metadata found for The curious case of Kurosawa vs. Leone
2025-07-05 23:28:45,353 | WARNING | step_6_enrich_metadata | No metadata found for Karthik Dial Seydha Yenn
2025-07-05 23:28:45,584 | INFO | step_6_enrich_metadata | Updated metadata for Sree Dhanya Catering Service
2025-07-05 23:28:45,692 | WARNING | step_6_enrich_metadata | No metadata found for "A super superhero movie"
2025-07-05 23:28:45,822 | WARNING | step_6_enrich_metadata | No metadata found for The reinvention of a K-k-k-khan
2025-07-05 23:28:45,947 | WARNING | step_6_enrich_metadata | No metadata found for Every Mani Ratnam film
2025-07-05 23:28:46,044 | WARNING | step_6_enrich_metadata | No metadata found for Masakali 2.0
2025-07-05 23:28:46,149 | WARNING | step_6_enrich_metadata | No metadata found for Poar Kaithigal
2025-07-05 23:28:46,245 | WARNING | step_6_enrich_metadata | No metadata found for Tees Maar Khan / Toonpur Ka Superrhero
2025-07-05 23:28:46,424 | WARNING | step_6_enrich_metadata | No metadata found for Laaga Chunari Mein Daag / Bhool Bhulaiyaa
2025-07-05 23:28:46,526 | WARNING | step_6_enrich_metadata | No metadata found for A Dinosaur Roams Again
2025-07-05 23:28:46,627 | WARNING | step_6_enrich_metadata | No metadata found for Thuppakki, Iruvar, Dil Se, Roja
2025-07-05 23:28:46,730 | WARNING | step_6_enrich_metadata | No metadata found for The Dinner from Hell
2025-07-05 23:28:46,840 | WARNING | step_6_enrich_metadata | No metadata found for Velainnu Vanthutta Vellakaran
2025-07-05 23:28:47,000 | WARNING | step_6_enrich_metadata | No metadata found for Chase / Housefull
2025-07-05 23:28:47,100 | WARNING | step_6_enrich_metadata | No metadata found for "A road movie about roots"
2025-07-05 23:28:47,205 | WARNING | step_6_enrich_metadata | No metadata found for Once Upon Ay Time In Mumbai Dobaara
2025-07-05 23:28:47,318 | WARNING | step_6_enrich_metadata | No metadata found for De Taali / Haal-e-Dil
2025-07-05 23:28:47,535 | INFO | step_6_enrich_metadata | Updated metadata for Ariyippu
2025-07-05 23:28:47,782 | WARNING | step_6_enrich_metadata | No metadata found for Dilemma: Some Adults Story
2025-07-05 23:28:47,888 | WARNING | step_6_enrich_metadata | No metadata found for Uri – The Surgical Strike, Kumbalangi Nights
2025-07-05 23:28:47,996 | WARNING | step_6_enrich_metadata | No metadata found for Little Fires Everywhere
2025-07-05 23:28:48,093 | WARNING | step_6_enrich_metadata | No metadata found for Ithu Kathirvelan Kadhal
2025-07-05 23:28:48,292 | INFO | step_6_enrich_metadata | Updated metadata for Connect
2025-07-05 23:28:48,457 | WARNING | step_6_enrich_metadata | No metadata found for Stupor Men
2025-07-05 23:28:48,557 | WARNING | step_6_enrich_metadata | No metadata found for Five iconic movies of ‘Victory’ Venkatesh
2025-07-05 23:28:48,676 | WARNING | step_6_enrich_metadata | No metadata found for Paava Kadhaigal
2025-07-05 23:28:48,778 | WARNING | step_6_enrich_metadata | No metadata found for The curious case of a buttoned-down
2025-07-05 23:28:48,981 | INFO | step_6_enrich_metadata | Updated metadata for Cirkus
2025-07-05 23:28:49,261 | INFO | step_6_enrich_metadata | Updated metadata for Teddy Bear
2025-07-05 23:28:49,363 | WARNING | step_6_enrich_metadata | No metadata found for Muthina Kathirikka
2025-07-05 23:28:49,471 | WARNING | step_6_enrich_metadata | No metadata found for Sapta Saagaradaache Ello - Side B
2025-07-05 23:28:49,580 | WARNING | step_6_enrich_metadata | No metadata found for Siberia, Welcome to Chechnya, My Little Sister
2025-07-05 23:28:49,701 | WARNING | step_6_enrich_metadata | No metadata found for Uthiri Pookkal
2025-07-05 23:28:49,867 | WARNING | step_6_enrich_metadata | No metadata found for Kolamaavu Kokila
2025-07-05 23:28:50,042 | WARNING | step_6_enrich_metadata | No metadata found for Kayamai Kadakka
2025-07-05 23:28:50,144 | WARNING | step_6_enrich_metadata | No metadata found for Pichaikaaran
2025-07-05 23:28:50,245 | WARNING | step_6_enrich_metadata | No metadata found for Pitta Kathalu
2025-07-05 23:28:50,345 | WARNING | step_6_enrich_metadata | No metadata found for Heeramandi
2025-07-05 23:28:50,513 | WARNING | step_6_enrich_metadata | No metadata found for Man Madan Ambu
2025-07-05 23:28:50,626 | WARNING | step_6_enrich_metadata | No metadata found for Tharamani
2025-07-05 23:28:50,736 | WARNING | step_6_enrich_metadata | No metadata found for Kadhalil Sodhappuvadhu Eppidi
2025-07-05 23:28:50,840 | WARNING | step_6_enrich_metadata | No metadata found for Modern Love Chennai
2025-07-05 23:28:50,956 | WARNING | step_6_enrich_metadata | No metadata found for Ajith’s film
2025-07-05 23:28:51,134 | WARNING | step_6_enrich_metadata | No metadata found for Once Upon a Time in the Fest
2025-07-05 23:28:51,238 | WARNING | step_6_enrich_metadata | No metadata found for Summer 2007 / Mere Baap Pehle Aap
2025-07-05 23:28:51,359 | WARNING | step_6_enrich_metadata | No metadata found for The French Disconnection
2025-07-05 23:28:51,457 | WARNING | step_6_enrich_metadata | No metadata found for Gangs of Wasseypur II
2025-07-05 23:28:51,558 | WARNING | step_6_enrich_metadata | No metadata found for Putham Pudhu Kaalai Vidiyaadha
2025-07-05 23:28:51,717 | WARNING | step_6_enrich_metadata | No metadata found for Sapta Saagaradaache Ello - Side A
2025-07-05 23:28:51,830 | WARNING | step_6_enrich_metadata | No metadata found for Well Done Abba / Hum Tum Aur Ghost
2025-07-05 23:28:51,943 | WARNING | step_6_enrich_metadata | No metadata found for Madras Male
2025-07-05 23:28:52,046 | WARNING | step_6_enrich_metadata | No metadata found for Goodnight Giggles
2025-07-05 23:28:52,144 | WARNING | step_6_enrich_metadata | No metadata found for Kudi Yedamaithe
2025-07-05 23:28:52,307 | WARNING | step_6_enrich_metadata | No metadata found for Engitta Modhathey
2025-07-05 23:28:52,413 | WARNING | step_6_enrich_metadata | No metadata found for Prophet of Mood
2025-07-05 23:28:52,623 | INFO | step_6_enrich_metadata | Updated metadata for Avatar 2: The Way of Water
2025-07-05 23:28:52,733 | WARNING | step_6_enrich_metadata | No metadata found for That Four Letter Word
2025-07-05 23:28:52,960 | INFO | step_6_enrich_metadata | Updated metadata for Hadinelentu (Seventeeners)
2025-07-05 23:28:53,101 | WARNING | step_6_enrich_metadata | No metadata found for PotC-On Stranger Tides
2025-07-05 23:28:53,242 | WARNING | step_6_enrich_metadata | No metadata found for Kaaviyathalaivan
2025-07-05 23:28:53,349 | WARNING | step_6_enrich_metadata | No metadata found for Ullangai Nellikkani
2025-07-05 23:28:53,458 | WARNING | step_6_enrich_metadata | No metadata found for Kaun Kitne Paani Mein
2025-07-05 23:28:53,677 | INFO | step_6_enrich_metadata | Updated metadata for Dostojee
2025-07-05 23:28:53,778 | WARNING | step_6_enrich_metadata | No metadata found for Chennai Ungalai Anbudan Varaverkirathu
2025-07-05 23:28:53,926 | WARNING | step_6_enrich_metadata | No metadata found for KGF: Chapter Two
2025-07-05 23:28:54,029 | WARNING | step_6_enrich_metadata | No metadata found for No Country for Young Women
2025-07-05 23:28:54,136 | WARNING | step_6_enrich_metadata | No metadata found for Payanam / Nadunisi Naaigal
2025-07-05 23:28:54,250 | WARNING | step_6_enrich_metadata | No metadata found for Khoya Khoya Chand / Dus Kahaniyaan
2025-07-05 23:28:54,357 | WARNING | step_6_enrich_metadata | No metadata found for Balle Vellaiya Thevaa
2025-07-05 23:28:54,670 | WARNING | step_6_enrich_metadata | No metadata found for "A Serious Superman" -> Superman
2025-07-05 23:28:54,776 | WARNING | step_6_enrich_metadata | No metadata found for Moebius
Pietà
2025-07-05 23:28:54,885 | WARNING | step_6_enrich_metadata | No metadata found for The Cage at the Top
2025-07-05 23:28:55,010 | WARNING | step_6_enrich_metadata | No metadata found for Right Yaaa Wrong / Na Ghar Ke Na Ghaat Ke
2025-07-05 23:28:55,236 | INFO | step_6_enrich_metadata | Updated metadata for Guruvayoor Ambalanadayil
2025-07-05 23:28:55,415 | WARNING | step_6_enrich_metadata | No metadata found for The Rahman Effect
2025-07-05 23:28:55,520 | WARNING | step_6_enrich_metadata | No metadata found for The other Miss Koovagam
2025-07-05 23:28:55,630 | WARNING | step_6_enrich_metadata | No metadata found for Sthanarthi Sreekkuttan
2025-07-05 23:28:55,737 | WARNING | step_6_enrich_metadata | No metadata found for Vinnai Thaandi Varuvaaya
2025-07-05 23:28:55,848 | WARNING | step_6_enrich_metadata | No metadata found for Godhi Banna Sadharna Mykattu
2025-07-05 23:28:56,005 | WARNING | step_6_enrich_metadata | No metadata found for The Intolerable Likeness of Being
2025-07-05 23:28:56,113 | WARNING | step_6_enrich_metadata | No metadata found for The abyss of passion
2025-07-05 23:28:56,332 | INFO | step_6_enrich_metadata | Updated metadata for The Teacher
2025-07-05 23:28:56,432 | WARNING | step_6_enrich_metadata | No metadata found for Neruppuda
2025-07-05 23:28:56,546 | WARNING | step_6_enrich_metadata | No metadata found for The Invasion / Vacancy
2025-07-05 23:28:56,752 | WARNING | step_6_enrich_metadata | No metadata found for The Sisters Brothers, Charlie Says, La Quietud
2025-07-05 23:28:56,868 | WARNING | step_6_enrich_metadata | No metadata found for Addham
2025-07-05 23:28:56,974 | WARNING | step_6_enrich_metadata | No metadata found for The old man and the hill
2025-07-05 23:28:57,226 | INFO | step_6_enrich_metadata | Updated metadata for Drishyam
2025-07-05 23:28:57,425 | INFO | step_6_enrich_metadata | Updated metadata for Witness
2025-07-05 23:28:57,580 | WARNING | step_6_enrich_metadata | No metadata found for Kankaanikkum Maranam
2025-07-05 23:28:57,693 | INFO | step_6_enrich_metadata | Metadata enrichment complete
2025-07-05 23:36:31,297 | INFO | step_6_enrich_metadata | Enriching metadata for 123 movies
2025-07-05 23:36:31,384 | WARNING | step_6_enrich_metadata | No metadata found for Kalki, Thanneer Mathan Dinangal
2025-07-05 23:36:31,493 | WARNING | step_6_enrich_metadata | No metadata found for Deconstructing Woody
2025-07-05 23:36:31,717 | INFO | step_6_enrich_metadata | Updated metadata for Namadhu
2025-07-05 23:36:31,829 | WARNING | step_6_enrich_metadata | No metadata found for Veeram / Jilla
2025-07-05 23:36:31,942 | WARNING | step_6_enrich_metadata | No metadata found for Pyaar Impossible / Dulha Mil Gaya
2025-07-05 23:36:32,103 | WARNING | step_6_enrich_metadata | No metadata found for 10 Enradhukulla
2025-07-05 23:36:32,206 | WARNING | step_6_enrich_metadata | No metadata found for Kettiyolaanu Ente Malakha
2025-07-05 23:36:32,319 | WARNING | step_6_enrich_metadata | No metadata found for The Woman Who Ran, Suk Suk, The Roads Not Taken
2025-07-05 23:36:32,449 | WARNING | step_6_enrich_metadata | No metadata found for Kannil Mazhai
2025-07-05 23:36:32,581 | WARNING | step_6_enrich_metadata | No metadata found for Om Shanti Om
Saawariya
2025-07-05 23:36:32,772 | WARNING | step_6_enrich_metadata | No metadata found for One Hundred Years of Solitude
2025-07-05 23:36:32,890 | WARNING | step_6_enrich_metadata | No metadata found for U Me Aur Hum, Krazzy 4
2025-07-05 23:36:32,994 | WARNING | step_6_enrich_metadata | No metadata found for Kalakalappu @ Masala Café
2025-07-05 23:36:33,180 | WARNING | step_6_enrich_metadata | No metadata found for Moondru Per Moondru Kadal
2025-07-05 23:36:33,276 | WARNING | step_6_enrich_metadata | No metadata found for Neethane En Ponvasantham
2025-07-05 23:36:33,443 | WARNING | step_6_enrich_metadata | No metadata found for Kallachirippu
2025-07-05 23:36:33,554 | WARNING | step_6_enrich_metadata | No metadata found for Ameerin Aadhi Baghavan
2025-07-05 23:36:33,658 | WARNING | step_6_enrich_metadata | No metadata found for Kyaa Kool Hain Hum 3 / Mastizaade
2025-07-05 23:36:33,768 | WARNING | step_6_enrich_metadata | No metadata found for Thelivuppathaiyin Neesa Thooram (TNT)
2025-07-05 23:36:33,885 | WARNING | step_6_enrich_metadata | No metadata found for As I’m Suffering from Mixed Feelings
2025-07-05 23:36:34,073 | WARNING | step_6_enrich_metadata | No metadata found for Contract / Kismat Konnection
2025-07-05 23:36:34,176 | WARNING | step_6_enrich_metadata | No metadata found for Kadhal Parisu
2025-07-05 23:36:34,297 | WARNING | step_6_enrich_metadata | No metadata found for Into the Mouth of Madness
2025-07-05 23:36:34,405 | WARNING | step_6_enrich_metadata | No metadata found for Thugs of Hindostan, 2.0
2025-07-05 23:36:34,533 | WARNING | step_6_enrich_metadata | No metadata found for "What a Crock of Sith!"
2025-07-05 23:36:34,687 | WARNING | step_6_enrich_metadata | No metadata found for Cruel Tale of Bushido
2025-07-05 23:36:34,799 | WARNING | step_6_enrich_metadata | No metadata found for Dada, OK Kanmani, VTK, Sarpatta Parambara, Anbe Sivam
2025-07-05 23:36:34,903 | WARNING | step_6_enrich_metadata | No metadata found for Arre O Sambar
2025-07-05 23:36:35,000 | WARNING | step_6_enrich_metadata | No metadata found for Sufiyum Sujathayum
2025-07-05 23:36:35,101 | WARNING | step_6_enrich_metadata | No metadata found for Aaha Kaadhal
2025-07-05 23:36:35,276 | WARNING | step_6_enrich_metadata | No metadata found for Every Shankar film
2025-07-05 23:36:35,383 | WARNING | step_6_enrich_metadata | No metadata found for Dial M for Master
2025-07-05 23:36:35,492 | WARNING | step_6_enrich_metadata | No metadata found for A view to a reevaluation
2025-07-05 23:36:35,600 | WARNING | step_6_enrich_metadata | No metadata found for Rann / Ishqiya
2025-07-05 23:36:35,733 | WARNING | step_6_enrich_metadata | No metadata found for Sadiyaan / Tum Milo Toh Sahi
2025-07-05 23:36:35,899 | WARNING | step_6_enrich_metadata | No metadata found for The Heartbreak Kid / Enchanted / December Boys
2025-07-05 23:36:36,119 | INFO | step_6_enrich_metadata | Updated metadata for Mrs. America
2025-07-05 23:36:36,226 | WARNING | step_6_enrich_metadata | No metadata found for Indiana Shining
2025-07-05 23:36:36,327 | WARNING | step_6_enrich_metadata | No metadata found for The movie being reviewed is "The Godfather".
2025-07-05 23:36:36,442 | WARNING | step_6_enrich_metadata | No metadata found for O Kaadhal Kanmani
2025-07-05 23:36:36,612 | WARNING | step_6_enrich_metadata | No metadata found for Karthik Dial Seydha Yenn
2025-07-05 23:36:36,718 | WARNING | step_6_enrich_metadata | No metadata found for The reinvention of a K-k-k-khan
2025-07-05 23:36:36,821 | WARNING | step_6_enrich_metadata | No metadata found for "A super superhero movie"
2025-07-05 23:36:36,926 | WARNING | step_6_enrich_metadata | No metadata found for Mafia Mahabharata
2025-07-05 23:36:37,024 | WARNING | step_6_enrich_metadata | No metadata found for The curious case of Kurosawa vs. Leone
2025-07-05 23:36:37,191 | WARNING | step_6_enrich_metadata | No metadata found for Tees Maar Khan / Toonpur Ka Superrhero
2025-07-05 23:36:37,307 | WARNING | step_6_enrich_metadata | No metadata found for Every Mani Ratnam film
2025-07-05 23:36:37,405 | WARNING | step_6_enrich_metadata | No metadata found for Masakali 2.0
2025-07-05 23:36:37,507 | WARNING | step_6_enrich_metadata | No metadata found for Poar Kaithigal
2025-07-05 23:36:37,609 | WARNING | step_6_enrich_metadata | No metadata found for Laaga Chunari Mein Daag / Bhool Bhulaiyaa
2025-07-05 23:36:37,781 | WARNING | step_6_enrich_metadata | No metadata found for The Dinner from Hell
2025-07-05 23:36:37,889 | WARNING | step_6_enrich_metadata | No metadata found for Velainnu Vanthutta Vellakaran
2025-07-05 23:36:37,993 | WARNING | step_6_enrich_metadata | No metadata found for Chase / Housefull
2025-07-05 23:36:38,096 | WARNING | step_6_enrich_metadata | No metadata found for Thuppakki, Iruvar, Dil Se, Roja
2025-07-05 23:36:38,207 | WARNING | step_6_enrich_metadata | No metadata found for A Dinosaur Roams Again
2025-07-05 23:36:38,394 | WARNING | step_6_enrich_metadata | No metadata found for De Taali / Haal-e-Dil
2025-07-05 23:36:38,498 | WARNING | step_6_enrich_metadata | No metadata found for Once Upon Ay Time In Mumbai Dobaara
2025-07-05 23:36:38,607 | WARNING | step_6_enrich_metadata | No metadata found for Uri – The Surgical Strike, Kumbalangi Nights
2025-07-05 23:36:38,708 | WARNING | step_6_enrich_metadata | No metadata found for Dilemma: Some Adults Story
2025-07-05 23:36:38,814 | WARNING | step_6_enrich_metadata | No metadata found for "A road movie about roots"
2025-07-05 23:36:39,242 | WARNING | step_6_enrich_metadata | No metadata found for Little Fires Everywhere
2025-07-05 23:36:39,358 | WARNING | step_6_enrich_metadata | No metadata found for Ithu Kathirvelan Kadhal
2025-07-05 23:36:39,499 | WARNING | step_6_enrich_metadata | No metadata found for Stupor Men
2025-07-05 23:36:39,602 | WARNING | step_6_enrich_metadata | No metadata found for Paava Kadhaigal
2025-07-05 23:36:39,707 | WARNING | step_6_enrich_metadata | No metadata found for Five iconic movies of ‘Victory’ Venkatesh
2025-07-05 23:36:39,907 | WARNING | step_6_enrich_metadata | No metadata found for Siberia, Welcome to Chechnya, My Little Sister
2025-07-05 23:36:40,042 | WARNING | step_6_enrich_metadata | No metadata found for Uthiri Pookkal
2025-07-05 23:36:40,149 | WARNING | step_6_enrich_metadata | No metadata found for Muthina Kathirikka
2025-07-05 23:36:40,259 | WARNING | step_6_enrich_metadata | No metadata found for The curious case of a buttoned-down
2025-07-05 23:36:40,488 | INFO | step_6_enrich_metadata | Updated metadata for Teddy Bear
2025-07-05 23:36:40,674 | WARNING | step_6_enrich_metadata | No metadata found for Sapta Saagaradaache Ello - Side B
2025-07-05 23:36:40,788 | WARNING | step_6_enrich_metadata | No metadata found for Kolamaavu Kokila
2025-07-05 23:36:40,891 | WARNING | step_6_enrich_metadata | No metadata found for Heeramandi
2025-07-05 23:36:40,992 | WARNING | step_6_enrich_metadata | No metadata found for Pitta Kathalu
2025-07-05 23:36:41,165 | WARNING | step_6_enrich_metadata | No metadata found for Kayamai Kadakka
2025-07-05 23:36:41,339 | WARNING | step_6_enrich_metadata | No metadata found for Tharamani
2025-07-05 23:36:41,443 | WARNING | step_6_enrich_metadata | No metadata found for Kadhalil Sodhappuvadhu Eppidi
2025-07-05 23:36:41,546 | WARNING | step_6_enrich_metadata | No metadata found for Man Madan Ambu
2025-07-05 23:36:41,644 | WARNING | step_6_enrich_metadata | No metadata found for Pichaikaaran
2025-07-05 23:36:41,750 | WARNING | step_6_enrich_metadata | No metadata found for Ajith’s film
2025-07-05 23:36:41,933 | WARNING | step_6_enrich_metadata | No metadata found for Modern Love Chennai
2025-07-05 23:36:42,064 | WARNING | step_6_enrich_metadata | No metadata found for Summer 2007 / Mere Baap Pehle Aap
2025-07-05 23:36:42,163 | WARNING | step_6_enrich_metadata | No metadata found for Once Upon a Time in the Fest
2025-07-05 23:36:42,278 | WARNING | step_6_enrich_metadata | No metadata found for Gangs of Wasseypur II
2025-07-05 23:36:42,423 | WARNING | step_6_enrich_metadata | No metadata found for Putham Pudhu Kaalai Vidiyaadha
2025-07-05 23:36:42,618 | WARNING | step_6_enrich_metadata | No metadata found for Sapta Saagaradaache Ello - Side A
2025-07-05 23:36:42,732 | WARNING | step_6_enrich_metadata | No metadata found for Goodnight Giggles
2025-07-05 23:36:42,851 | WARNING | step_6_enrich_metadata | No metadata found for The French Disconnection
2025-07-05 23:36:42,964 | WARNING | step_6_enrich_metadata | No metadata found for Well Done Abba / Hum Tum Aur Ghost
2025-07-05 23:36:43,057 | WARNING | step_6_enrich_metadata | No metadata found for Madras Male
2025-07-05 23:36:43,214 | WARNING | step_6_enrich_metadata | No metadata found for Kudi Yedamaithe
2025-07-05 23:36:43,321 | WARNING | step_6_enrich_metadata | No metadata found for Engitta Modhathey
2025-07-05 23:36:43,422 | WARNING | step_6_enrich_metadata | No metadata found for That Four Letter Word
2025-07-05 23:36:43,543 | WARNING | step_6_enrich_metadata | No metadata found for PotC-On Stranger Tides
2025-07-05 23:36:43,646 | WARNING | step_6_enrich_metadata | No metadata found for Prophet of Mood
2025-07-05 23:36:43,823 | WARNING | step_6_enrich_metadata | No metadata found for Kaun Kitne Paani Mein
2025-07-05 23:36:43,930 | WARNING | step_6_enrich_metadata | No metadata found for Kaaviyathalaivan
2025-07-05 23:36:44,062 | WARNING | step_6_enrich_metadata | No metadata found for Chennai Ungalai Anbudan Varaverkirathu
2025-07-05 23:36:44,170 | WARNING | step_6_enrich_metadata | No metadata found for Ullangai Nellikkani
2025-07-05 23:36:44,277 | WARNING | step_6_enrich_metadata | No metadata found for KGF: Chapter Two
2025-07-05 23:36:44,447 | WARNING | step_6_enrich_metadata | No metadata found for No Country for Young Women
2025-07-05 23:36:44,574 | WARNING | step_6_enrich_metadata | No metadata found for Payanam / Nadunisi Naaigal
2025-07-05 23:36:44,678 | WARNING | step_6_enrich_metadata | No metadata found for Khoya Khoya Chand / Dus Kahaniyaan
2025-07-05 23:36:44,785 | WARNING | step_6_enrich_metadata | No metadata found for "A Serious Superman" -> Superman
2025-07-05 23:36:44,887 | WARNING | step_6_enrich_metadata | No metadata found for Balle Vellaiya Thevaa
2025-07-05 23:36:45,166 | INFO | step_6_enrich_metadata | Updated metadata for Guruvayoor Ambalanadayil
2025-07-05 23:36:45,278 | WARNING | step_6_enrich_metadata | No metadata found for Moebius
Pietà
2025-07-05 23:36:45,390 | WARNING | step_6_enrich_metadata | No metadata found for The Cage at the Top
2025-07-05 23:36:45,493 | WARNING | step_6_enrich_metadata | No metadata found for The Rahman Effect
2025-07-05 23:36:45,623 | WARNING | step_6_enrich_metadata | No metadata found for Right Yaaa Wrong / Na Ghar Ke Na Ghaat Ke
2025-07-05 23:36:45,796 | WARNING | step_6_enrich_metadata | No metadata found for Vinnai Thaandi Varuvaaya
2025-07-05 23:36:45,907 | WARNING | step_6_enrich_metadata | No metadata found for The other Miss Koovagam
2025-07-05 23:36:46,024 | WARNING | step_6_enrich_metadata | No metadata found for The Intolerable Likeness of Being
2025-07-05 23:36:46,125 | WARNING | step_6_enrich_metadata | No metadata found for Godhi Banna Sadharna Mykattu
2025-07-05 23:36:46,234 | WARNING | step_6_enrich_metadata | No metadata found for Sthanarthi Sreekkuttan
2025-07-05 23:36:46,444 | WARNING | step_6_enrich_metadata | No metadata found for The abyss of passion
2025-07-05 23:36:46,553 | WARNING | step_6_enrich_metadata | No metadata found for Neruppuda
2025-07-05 23:36:46,652 | WARNING | step_6_enrich_metadata | No metadata found for The Invasion / Vacancy
2025-07-05 23:36:46,772 | WARNING | step_6_enrich_metadata | No metadata found for Addham
2025-07-05 23:36:46,873 | WARNING | step_6_enrich_metadata | No metadata found for The Sisters Brothers, Charlie Says, La Quietud
2025-07-05 23:36:47,040 | WARNING | step_6_enrich_metadata | No metadata found for The old man and the hill
2025-07-05 23:36:47,269 | INFO | step_6_enrich_metadata | Updated metadata for Drishyam
2025-07-05 23:36:47,378 | WARNING | step_6_enrich_metadata | No metadata found for Kankaanikkum Maranam
2025-07-05 23:36:47,492 | INFO | step_6_enrich_metadata | Metadata enrichment complete
2025-07-05 23:39:07,208 | INFO | step_6_enrich_metadata | Enriching metadata for 123 movies
2025-07-05 23:39:07,333 | WARNING | step_6_enrich_metadata | No metadata found for Deconstructing Woody
2025-07-05 23:39:07,444 | WARNING | step_6_enrich_metadata | No metadata found for Kalki, Thanneer Mathan Dinangal
2025-07-05 23:39:07,655 | INFO | step_6_enrich_metadata | Updated metadata for Namadhu
2025-07-05 23:39:07,762 | WARNING | step_6_enrich_metadata | No metadata found for Pyaar Impossible / Dulha Mil Gaya
2025-07-05 23:39:07,871 | WARNING | step_6_enrich_metadata | No metadata found for Veeram / Jilla
2025-07-05 23:39:08,028 | WARNING | step_6_enrich_metadata | No metadata found for Kettiyolaanu Ente Malakha
2025-07-05 23:39:08,142 | WARNING | step_6_enrich_metadata | No metadata found for Om Shanti Om
Saawariya
2025-07-05 23:39:08,247 | WARNING | step_6_enrich_metadata | No metadata found for The Woman Who Ran, Suk Suk, The Roads Not Taken
2025-07-05 23:39:08,385 | WARNING | step_6_enrich_metadata | No metadata found for 10 Enradhukulla
2025-07-05 23:39:08,526 | WARNING | step_6_enrich_metadata | No metadata found for Kannil Mazhai
2025-07-05 23:39:08,719 | WARNING | step_6_enrich_metadata | No metadata found for Moondru Per Moondru Kadal
2025-07-05 23:39:08,843 | WARNING | step_6_enrich_metadata | No metadata found for Kalakalappu @ Masala Café
2025-07-05 23:39:08,949 | WARNING | step_6_enrich_metadata | No metadata found for Neethane En Ponvasantham
2025-07-05 23:39:09,057 | WARNING | step_6_enrich_metadata | No metadata found for U Me Aur Hum, Krazzy 4
2025-07-05 23:39:09,163 | WARNING | step_6_enrich_metadata | No metadata found for One Hundred Years of Solitude
2025-07-05 23:39:09,323 | WARNING | step_6_enrich_metadata | No metadata found for Kallachirippu
2025-07-05 23:39:09,427 | WARNING | step_6_enrich_metadata | No metadata found for As I’m Suffering from Mixed Feelings
2025-07-05 23:39:09,541 | WARNING | step_6_enrich_metadata | No metadata found for Kyaa Kool Hain Hum 3 / Mastizaade
2025-07-05 23:39:09,778 | WARNING | step_6_enrich_metadata | No metadata found for Ameerin Aadhi Baghavan
2025-07-05 23:39:09,875 | WARNING | step_6_enrich_metadata | No metadata found for Thelivuppathaiyin Neesa Thooram (TNT)
2025-07-05 23:39:10,128 | WARNING | step_6_enrich_metadata | No metadata found for Thugs of Hindostan, 2.0
2025-07-05 23:39:10,238 | WARNING | step_6_enrich_metadata | No metadata found for Into the Mouth of Madness
2025-07-05 23:39:10,354 | WARNING | step_6_enrich_metadata | No metadata found for "What a Crock of Sith!"
2025-07-05 23:39:10,459 | WARNING | step_6_enrich_metadata | No metadata found for Contract / Kismat Konnection
2025-07-05 23:39:10,558 | WARNING | step_6_enrich_metadata | No metadata found for Kadhal Parisu
2025-07-05 23:39:10,734 | WARNING | step_6_enrich_metadata | No metadata found for Cruel Tale of Bushido
2025-07-05 23:39:10,847 | WARNING | step_6_enrich_metadata | No metadata found for Dada, OK Kanmani, VTK, Sarpatta Parambara, Anbe Sivam
2025-07-05 23:39:11,088 | WARNING | step_6_enrich_metadata | No metadata found for Sufiyum Sujathayum
2025-07-05 23:39:11,201 | WARNING | step_6_enrich_metadata | No metadata found for Aaha Kaadhal
2025-07-05 23:39:11,308 | WARNING | step_6_enrich_metadata | No metadata found for Arre O Sambar
2025-07-05 23:39:11,486 | WARNING | step_6_enrich_metadata | No metadata found for Every Shankar film
2025-07-05 23:39:11,591 | WARNING | step_6_enrich_metadata | No metadata found for Rann / Ishqiya
2025-07-05 23:39:11,713 | WARNING | step_6_enrich_metadata | No metadata found for Sadiyaan / Tum Milo Toh Sahi
2025-07-05 23:39:11,834 | WARNING | step_6_enrich_metadata | No metadata found for Dial M for Master
2025-07-05 23:39:11,948 | WARNING | step_6_enrich_metadata | No metadata found for A view to a reevaluation
2025-07-05 23:39:12,121 | WARNING | step_6_enrich_metadata | No metadata found for Indiana Shining
2025-07-05 23:39:12,246 | WARNING | step_6_enrich_metadata | No metadata found for O Kaadhal Kanmani
2025-07-05 23:39:12,358 | WARNING | step_6_enrich_metadata | No metadata found for The Heartbreak Kid / Enchanted / December Boys
2025-07-05 23:39:12,464 | WARNING | step_6_enrich_metadata | No metadata found for The movie being reviewed is "The Godfather".
2025-07-05 23:39:12,802 | INFO | step_6_enrich_metadata | Updated metadata for Mrs. America
2025-07-05 23:39:12,994 | WARNING | step_6_enrich_metadata | No metadata found for "A super superhero movie"
2025-07-05 23:39:13,097 | WARNING | step_6_enrich_metadata | No metadata found for Karthik Dial Seydha Yenn
2025-07-05 23:39:13,221 | WARNING | step_6_enrich_metadata | No metadata found for Mafia Mahabharata
2025-07-05 23:39:13,324 | WARNING | step_6_enrich_metadata | No metadata found for The reinvention of a K-k-k-khan
2025-07-05 23:39:13,441 | WARNING | step_6_enrich_metadata | No metadata found for The curious case of Kurosawa vs. Leone
2025-07-05 23:39:13,630 | WARNING | step_6_enrich_metadata | No metadata found for Poar Kaithigal
2025-07-05 23:39:13,744 | WARNING | step_6_enrich_metadata | No metadata found for Tees Maar Khan / Toonpur Ka Superrhero
2025-07-05 23:39:13,860 | WARNING | step_6_enrich_metadata | No metadata found for Every Mani Ratnam film
2025-07-05 23:39:13,967 | WARNING | step_6_enrich_metadata | No metadata found for Laaga Chunari Mein Daag / Bhool Bhulaiyaa
2025-07-05 23:39:14,085 | WARNING | step_6_enrich_metadata | No metadata found for Masakali 2.0
2025-07-05 23:39:14,222 | WARNING | step_6_enrich_metadata | No metadata found for The Dinner from Hell
2025-07-05 23:39:14,359 | WARNING | step_6_enrich_metadata | No metadata found for Thuppakki, Iruvar, Dil Se, Roja
2025-07-05 23:39:14,470 | WARNING | step_6_enrich_metadata | No metadata found for Velainnu Vanthutta Vellakaran
2025-07-05 23:39:14,585 | WARNING | step_6_enrich_metadata | No metadata found for Chase / Housefull
2025-07-05 23:39:14,697 | WARNING | step_6_enrich_metadata | No metadata found for A Dinosaur Roams Again
2025-07-05 23:39:14,841 | WARNING | step_6_enrich_metadata | No metadata found for De Taali / Haal-e-Dil
2025-07-05 23:39:14,979 | WARNING | step_6_enrich_metadata | No metadata found for Uri – The Surgical Strike, Kumbalangi Nights
2025-07-05 23:39:15,096 | WARNING | step_6_enrich_metadata | No metadata found for Dilemma: Some Adults Story
2025-07-05 23:39:15,218 | WARNING | step_6_enrich_metadata | No metadata found for Once Upon Ay Time In Mumbai Dobaara
2025-07-05 23:39:15,329 | WARNING | step_6_enrich_metadata | No metadata found for "A road movie about roots"
2025-07-05 23:39:15,450 | WARNING | step_6_enrich_metadata | No metadata found for Little Fires Everywhere
2025-07-05 23:39:15,606 | WARNING | step_6_enrich_metadata | No metadata found for Ithu Kathirvelan Kadhal
2025-07-05 23:39:15,717 | WARNING | step_6_enrich_metadata | No metadata found for Five iconic movies of ‘Victory’ Venkatesh
2025-07-05 23:39:15,820 | WARNING | step_6_enrich_metadata | No metadata found for Paava Kadhaigal
2025-07-05 23:39:15,929 | WARNING | step_6_enrich_metadata | No metadata found for The curious case of a buttoned-down
2025-07-05 23:39:16,031 | WARNING | step_6_enrich_metadata | No metadata found for Stupor Men
2025-07-05 23:39:16,218 | WARNING | step_6_enrich_metadata | No metadata found for Siberia, Welcome to Chechnya, My Little Sister
2025-07-05 23:39:16,321 | WARNING | step_6_enrich_metadata | No metadata found for Uthiri Pookkal
2025-07-05 23:39:16,531 | INFO | step_6_enrich_metadata | Updated metadata for Teddy Bear
2025-07-05 23:39:16,644 | WARNING | step_6_enrich_metadata | No metadata found for Muthina Kathirikka
2025-07-05 23:39:16,751 | WARNING | step_6_enrich_metadata | No metadata found for Sapta Saagaradaache Ello - Side B
2025-07-05 23:39:16,908 | WARNING | step_6_enrich_metadata | No metadata found for Kolamaavu Kokila
2025-07-05 23:39:17,014 | WARNING | step_6_enrich_metadata | No metadata found for Heeramandi
2025-07-05 23:39:17,138 | WARNING | step_6_enrich_metadata | No metadata found for Pitta Kathalu
2025-07-05 23:39:17,251 | WARNING | step_6_enrich_metadata | No metadata found for Pichaikaaran
2025-07-05 23:39:17,357 | WARNING | step_6_enrich_metadata | No metadata found for Kayamai Kadakka
2025-07-05 23:39:17,524 | WARNING | step_6_enrich_metadata | No metadata found for Man Madan Ambu
2025-07-05 23:39:17,635 | WARNING | step_6_enrich_metadata | No metadata found for Kadhalil Sodhappuvadhu Eppidi
2025-07-05 23:39:17,856 | WARNING | step_6_enrich_metadata | No metadata found for Ajith’s film
2025-07-05 23:39:17,958 | WARNING | step_6_enrich_metadata | No metadata found for Tharamani
2025-07-05 23:39:18,066 | WARNING | step_6_enrich_metadata | No metadata found for Modern Love Chennai
2025-07-05 23:39:18,248 | WARNING | step_6_enrich_metadata | No metadata found for Putham Pudhu Kaalai Vidiyaadha
2025-07-05 23:39:18,356 | WARNING | step_6_enrich_metadata | No metadata found for Summer 2007 / Mere Baap Pehle Aap
2025-07-05 23:39:18,472 | WARNING | step_6_enrich_metadata | No metadata found for The French Disconnection
2025-07-05 23:39:18,572 | WARNING | step_6_enrich_metadata | No metadata found for Once Upon a Time in the Fest
2025-07-05 23:39:18,681 | WARNING | step_6_enrich_metadata | No metadata found for Gangs of Wasseypur II
2025-07-05 23:39:18,868 | WARNING | step_6_enrich_metadata | No metadata found for Madras Male
2025-07-05 23:39:18,976 | WARNING | step_6_enrich_metadata | No metadata found for Goodnight Giggles
2025-07-05 23:39:19,093 | WARNING | step_6_enrich_metadata | No metadata found for Well Done Abba / Hum Tum Aur Ghost
2025-07-05 23:39:19,211 | WARNING | step_6_enrich_metadata | No metadata found for Sapta Saagaradaache Ello - Side A
2025-07-05 23:39:19,321 | WARNING | step_6_enrich_metadata | No metadata found for Kudi Yedamaithe
2025-07-05 23:39:19,476 | WARNING | step_6_enrich_metadata | No metadata found for Engitta Modhathey
2025-07-05 23:39:19,587 | WARNING | step_6_enrich_metadata | No metadata found for Prophet of Mood
2025-07-05 23:39:19,697 | WARNING | step_6_enrich_metadata | No metadata found for That Four Letter Word
2025-07-05 23:39:19,806 | WARNING | step_6_enrich_metadata | No metadata found for Kaun Kitne Paani Mein
2025-07-05 23:39:20,253 | WARNING | step_6_enrich_metadata | No metadata found for PotC-On Stranger Tides
2025-07-05 23:39:20,432 | WARNING | step_6_enrich_metadata | No metadata found for Kaaviyathalaivan
2025-07-05 23:39:20,540 | WARNING | step_6_enrich_metadata | No metadata found for No Country for Young Women
2025-07-05 23:39:20,645 | WARNING | step_6_enrich_metadata | No metadata found for KGF: Chapter Two
2025-07-05 23:39:20,760 | WARNING | step_6_enrich_metadata | No metadata found for Ullangai Nellikkani
2025-07-05 23:39:20,887 | WARNING | step_6_enrich_metadata | No metadata found for Chennai Ungalai Anbudan Varaverkirathu
2025-07-05 23:39:21,056 | WARNING | step_6_enrich_metadata | No metadata found for Balle Vellaiya Thevaa
2025-07-05 23:39:21,173 | WARNING | step_6_enrich_metadata | No metadata found for Moebius
Pietà
2025-07-05 23:39:21,278 | WARNING | step_6_enrich_metadata | No metadata found for Payanam / Nadunisi Naaigal
2025-07-05 23:39:21,379 | WARNING | step_6_enrich_metadata | No metadata found for Khoya Khoya Chand / Dus Kahaniyaan
2025-07-05 23:39:21,490 | WARNING | step_6_enrich_metadata | No metadata found for "A Serious Superman" -> Superman
2025-07-05 23:39:21,675 | WARNING | step_6_enrich_metadata | No metadata found for Right Yaaa Wrong / Na Ghar Ke Na Ghaat Ke
2025-07-05 23:39:21,782 | WARNING | step_6_enrich_metadata | No metadata found for The Rahman Effect
2025-07-05 23:39:21,895 | WARNING | step_6_enrich_metadata | No metadata found for The Cage at the Top
2025-07-05 23:39:22,219 | INFO | step_6_enrich_metadata | Updated metadata for Guruvayoor Ambalanadayil
2025-07-05 23:39:22,323 | WARNING | step_6_enrich_metadata | No metadata found for Vinnai Thaandi Varuvaaya
2025-07-05 23:39:22,507 | WARNING | step_6_enrich_metadata | No metadata found for Neruppuda
2025-07-05 23:39:22,615 | WARNING | step_6_enrich_metadata | No metadata found for The other Miss Koovagam
2025-07-05 23:39:22,732 | WARNING | step_6_enrich_metadata | No metadata found for Godhi Banna Sadharna Mykattu
2025-07-05 23:39:22,835 | WARNING | step_6_enrich_metadata | No metadata found for The Intolerable Likeness of Being
2025-07-05 23:39:22,936 | WARNING | step_6_enrich_metadata | No metadata found for Sthanarthi Sreekkuttan
2025-07-05 23:39:23,096 | WARNING | step_6_enrich_metadata | No metadata found for The abyss of passion
2025-07-05 23:39:23,204 | WARNING | step_6_enrich_metadata | No metadata found for The Sisters Brothers, Charlie Says, La Quietud
2025-07-05 23:39:23,315 | WARNING | step_6_enrich_metadata | No metadata found for The old man and the hill
2025-07-05 23:39:23,424 | WARNING | step_6_enrich_metadata | No metadata found for Addham
2025-07-05 23:39:23,542 | WARNING | step_6_enrich_metadata | No metadata found for The Invasion / Vacancy
2025-07-05 23:39:23,696 | WARNING | step_6_enrich_metadata | No metadata found for Kankaanikkum Maranam
2025-07-05 23:39:23,900 | INFO | step_6_enrich_metadata | Updated metadata for Drishyam
2025-07-05 23:39:24,008 | INFO | step_6_enrich_metadata | Metadata enrichment complete
2025-07-05 23:41:34,161 | INFO | step_6_enrich_metadata | Enriching metadata for 123 movies
2025-07-05 23:41:34,267 | WARNING | step_6_enrich_metadata | No metadata found for Kalki, Thanneer Mathan Dinangal
2025-07-05 23:41:34,370 | WARNING | step_6_enrich_metadata | No metadata found for Veeram / Jilla
2025-07-05 23:41:34,477 | WARNING | step_6_enrich_metadata | No metadata found for Deconstructing Woody
2025-07-05 23:41:34,698 | INFO | step_6_enrich_metadata | Updated metadata for Namadhu
2025-07-05 23:41:34,810 | WARNING | step_6_enrich_metadata | No metadata found for Pyaar Impossible / Dulha Mil Gaya
2025-07-05 23:41:34,980 | WARNING | step_6_enrich_metadata | No metadata found for 10 Enradhukulla
2025-07-05 23:41:35,086 | WARNING | step_6_enrich_metadata | No metadata found for Kannil Mazhai
2025-07-05 23:41:35,193 | WARNING | step_6_enrich_metadata | No metadata found for The Woman Who Ran, Suk Suk, The Roads Not Taken
2025-07-05 23:41:35,315 | WARNING | step_6_enrich_metadata | No metadata found for Kettiyolaanu Ente Malakha
2025-07-05 23:41:35,417 | WARNING | step_6_enrich_metadata | No metadata found for Om Shanti Om
Saawariya
2025-07-05 23:41:35,542 | WARNING | step_6_enrich_metadata | No metadata found for Moondru Per Moondru Kadal
2025-07-05 23:41:35,670 | WARNING | step_6_enrich_metadata | No metadata found for U Me Aur Hum, Krazzy 4
2025-07-05 23:41:35,776 | WARNING | step_6_enrich_metadata | No metadata found for One Hundred Years of Solitude
2025-07-05 23:41:35,876 | WARNING | step_6_enrich_metadata | No metadata found for Kalakalappu @ Masala Café
2025-07-05 23:41:35,967 | WARNING | step_6_enrich_metadata | No metadata found for Neethane En Ponvasantham
2025-07-05 23:41:36,075 | WARNING | step_6_enrich_metadata | No metadata found for Kallachirippu
2025-07-05 23:41:36,242 | WARNING | step_6_enrich_metadata | No metadata found for As I’m Suffering from Mixed Feelings
2025-07-05 23:41:36,342 | WARNING | step_6_enrich_metadata | No metadata found for Thelivuppathaiyin Neesa Thooram (TNT)
2025-07-05 23:41:36,442 | WARNING | step_6_enrich_metadata | No metadata found for Ameerin Aadhi Baghavan
2025-07-05 23:41:36,574 | WARNING | step_6_enrich_metadata | No metadata found for Kyaa Kool Hain Hum 3 / Mastizaade
2025-07-05 23:41:36,676 | WARNING | step_6_enrich_metadata | No metadata found for "What a Crock of Sith!"
2025-07-05 23:41:36,850 | WARNING | step_6_enrich_metadata | No metadata found for Kadhal Parisu
2025-07-05 23:41:36,954 | WARNING | step_6_enrich_metadata | No metadata found for Thugs of Hindostan, 2.0
2025-07-05 23:41:37,052 | WARNING | step_6_enrich_metadata | No metadata found for Into the Mouth of Madness
2025-07-05 23:41:37,168 | WARNING | step_6_enrich_metadata | No metadata found for Cruel Tale of Bushido
2025-07-05 23:41:37,270 | WARNING | step_6_enrich_metadata | No metadata found for Contract / Kismat Konnection
2025-07-05 23:41:37,466 | WARNING | step_6_enrich_metadata | No metadata found for Rann / Ishqiya
2025-07-05 23:41:37,582 | WARNING | step_6_enrich_metadata | No metadata found for Aaha Kaadhal
2025-07-05 23:41:37,684 | WARNING | step_6_enrich_metadata | No metadata found for Arre O Sambar
2025-07-05 23:41:37,786 | WARNING | step_6_enrich_metadata | No metadata found for Dada, OK Kanmani, VTK, Sarpatta Parambara, Anbe Sivam
2025-07-05 23:41:37,892 | WARNING | step_6_enrich_metadata | No metadata found for Sufiyum Sujathayum
2025-07-05 23:41:38,068 | WARNING | step_6_enrich_metadata | No metadata found for Every Shankar film
2025-07-05 23:41:38,169 | WARNING | step_6_enrich_metadata | No metadata found for A view to a reevaluation
2025-07-05 23:41:38,266 | WARNING | step_6_enrich_metadata | No metadata found for Sadiyaan / Tum Milo Toh Sahi
2025-07-05 23:41:38,372 | WARNING | step_6_enrich_metadata | No metadata found for The Heartbreak Kid / Enchanted / December Boys
2025-07-05 23:41:38,510 | WARNING | step_6_enrich_metadata | No metadata found for Dial M for Master
2025-07-05 23:41:38,795 | INFO | step_6_enrich_metadata | Updated metadata for Mrs. America
2025-07-05 23:41:38,917 | WARNING | step_6_enrich_metadata | No metadata found for O Kaadhal Kanmani
2025-07-05 23:41:39,017 | WARNING | step_6_enrich_metadata | No metadata found for The movie being reviewed is "The Godfather".
2025-07-05 23:41:39,112 | WARNING | step_6_enrich_metadata | No metadata found for Indiana Shining
2025-07-05 23:41:39,215 | WARNING | step_6_enrich_metadata | No metadata found for Karthik Dial Seydha Yenn
2025-07-05 23:41:39,377 | WARNING | step_6_enrich_metadata | No metadata found for Mafia Mahabharata
2025-07-05 23:41:39,487 | WARNING | step_6_enrich_metadata | No metadata found for Every Mani Ratnam film
2025-07-05 23:41:39,590 | WARNING | step_6_enrich_metadata | No metadata found for The reinvention of a K-k-k-khan
2025-07-05 23:41:39,694 | WARNING | step_6_enrich_metadata | No metadata found for The curious case of Kurosawa vs. Leone
2025-07-05 23:41:39,797 | WARNING | step_6_enrich_metadata | No metadata found for "A super superhero movie"
2025-07-05 23:41:40,042 | WARNING | step_6_enrich_metadata | No metadata found for Masakali 2.0
2025-07-05 23:41:40,139 | WARNING | step_6_enrich_metadata | No metadata found for Tees Maar Khan / Toonpur Ka Superrhero
2025-07-05 23:41:40,234 | WARNING | step_6_enrich_metadata | No metadata found for Laaga Chunari Mein Daag / Bhool Bhulaiyaa
2025-07-05 23:41:40,327 | WARNING | step_6_enrich_metadata | No metadata found for The Dinner from Hell
2025-07-05 23:41:40,430 | WARNING | step_6_enrich_metadata | No metadata found for Poar Kaithigal
2025-07-05 23:41:40,607 | WARNING | step_6_enrich_metadata | No metadata found for Thuppakki, Iruvar, Dil Se, Roja
2025-07-05 23:41:40,767 | WARNING | step_6_enrich_metadata | No metadata found for Velainnu Vanthutta Vellakaran
2025-07-05 23:41:40,868 | WARNING | step_6_enrich_metadata | No metadata found for Chase / Housefull
2025-07-05 23:41:40,969 | WARNING | step_6_enrich_metadata | No metadata found for A Dinosaur Roams Again
2025-07-05 23:41:41,065 | WARNING | step_6_enrich_metadata | No metadata found for De Taali / Haal-e-Dil
2025-07-05 23:41:41,242 | WARNING | step_6_enrich_metadata | No metadata found for Once Upon Ay Time In Mumbai Dobaara
2025-07-05 23:41:41,359 | WARNING | step_6_enrich_metadata | No metadata found for Uri – The Surgical Strike, Kumbalangi Nights
2025-07-05 23:41:41,458 | WARNING | step_6_enrich_metadata | No metadata found for Dilemma: Some Adults Story
2025-07-05 23:41:41,549 | WARNING | step_6_enrich_metadata | No metadata found for Little Fires Everywhere
2025-07-05 23:41:41,653 | WARNING | step_6_enrich_metadata | No metadata found for "A road movie about roots"
2025-07-05 23:41:41,818 | WARNING | step_6_enrich_metadata | No metadata found for Ithu Kathirvelan Kadhal
2025-07-05 23:41:41,914 | WARNING | step_6_enrich_metadata | No metadata found for The curious case of a buttoned-down
2025-07-05 23:41:42,025 | WARNING | step_6_enrich_metadata | No metadata found for Paava Kadhaigal
2025-07-05 23:41:42,207 | WARNING | step_6_enrich_metadata | No metadata found for Stupor Men
2025-07-05 23:41:42,312 | WARNING | step_6_enrich_metadata | No metadata found for Five iconic movies of ‘Victory’ Venkatesh
2025-07-05 23:41:42,484 | WARNING | step_6_enrich_metadata | No metadata found for Uthiri Pookkal
2025-07-05 23:41:42,589 | WARNING | step_6_enrich_metadata | No metadata found for Siberia, Welcome to Chechnya, My Little Sister
2025-07-05 23:41:42,723 | WARNING | step_6_enrich_metadata | No metadata found for Muthina Kathirikka
2025-07-05 23:41:42,813 | WARNING | step_6_enrich_metadata | No metadata found for Sapta Saagaradaache Ello - Side B
2025-07-05 23:41:43,010 | INFO | step_6_enrich_metadata | Updated metadata for Teddy Bear
2025-07-05 23:41:43,155 | WARNING | step_6_enrich_metadata | No metadata found for Kolamaavu Kokila
2025-07-05 23:41:43,254 | WARNING | step_6_enrich_metadata | No metadata found for Kayamai Kadakka
2025-07-05 23:41:43,370 | WARNING | step_6_enrich_metadata | No metadata found for Pitta Kathalu
2025-07-05 23:41:43,477 | WARNING | step_6_enrich_metadata | No metadata found for Pichaikaaran
2025-07-05 23:41:43,584 | WARNING | step_6_enrich_metadata | No metadata found for Heeramandi
2025-07-05 23:41:43,749 | WARNING | step_6_enrich_metadata | No metadata found for Man Madan Ambu
2025-07-05 23:41:43,865 | WARNING | step_6_enrich_metadata | No metadata found for Kadhalil Sodhappuvadhu Eppidi
2025-07-05 23:41:43,962 | WARNING | step_6_enrich_metadata | No metadata found for Tharamani
2025-07-05 23:41:44,060 | WARNING | step_6_enrich_metadata | No metadata found for Modern Love Chennai
2025-07-05 23:41:44,175 | WARNING | step_6_enrich_metadata | No metadata found for Ajith’s film
2025-07-05 23:41:44,320 | WARNING | step_6_enrich_metadata | No metadata found for Gangs of Wasseypur II
2025-07-05 23:41:44,412 | WARNING | step_6_enrich_metadata | No metadata found for Putham Pudhu Kaalai Vidiyaadha
2025-07-05 23:41:44,506 | WARNING | step_6_enrich_metadata | No metadata found for Once Upon a Time in the Fest
2025-07-05 23:41:44,601 | WARNING | step_6_enrich_metadata | No metadata found for Summer 2007 / Mere Baap Pehle Aap
2025-07-05 23:41:44,709 | WARNING | step_6_enrich_metadata | No metadata found for The French Disconnection
2025-07-05 23:41:44,883 | WARNING | step_6_enrich_metadata | No metadata found for Madras Male
2025-07-05 23:41:44,975 | WARNING | step_6_enrich_metadata | No metadata found for Goodnight Giggles
2025-07-05 23:41:45,065 | WARNING | step_6_enrich_metadata | No metadata found for Sapta Saagaradaache Ello - Side A
2025-07-05 23:41:45,176 | WARNING | step_6_enrich_metadata | No metadata found for Well Done Abba / Hum Tum Aur Ghost
2025-07-05 23:41:45,271 | WARNING | step_6_enrich_metadata | No metadata found for Kudi Yedamaithe
2025-07-05 23:41:45,417 | WARNING | step_6_enrich_metadata | No metadata found for Engitta Modhathey
2025-07-05 23:41:45,522 | WARNING | step_6_enrich_metadata | No metadata found for That Four Letter Word
2025-07-05 23:41:45,621 | WARNING | step_6_enrich_metadata | No metadata found for Kaun Kitne Paani Mein
2025-07-05 23:41:45,739 | WARNING | step_6_enrich_metadata | No metadata found for Prophet of Mood
2025-07-05 23:41:45,840 | WARNING | step_6_enrich_metadata | No metadata found for PotC-On Stranger Tides
2025-07-05 23:41:45,968 | WARNING | step_6_enrich_metadata | No metadata found for Kaaviyathalaivan
2025-07-05 23:41:46,094 | WARNING | step_6_enrich_metadata | No metadata found for Chennai Ungalai Anbudan Varaverkirathu
2025-07-05 23:41:46,187 | WARNING | step_6_enrich_metadata | No metadata found for Ullangai Nellikkani
2025-07-05 23:41:46,288 | WARNING | step_6_enrich_metadata | No metadata found for No Country for Young Women
2025-07-05 23:41:46,400 | WARNING | step_6_enrich_metadata | No metadata found for KGF: Chapter Two
2025-07-05 23:41:46,521 | WARNING | step_6_enrich_metadata | No metadata found for Payanam / Nadunisi Naaigal
2025-07-05 23:41:46,655 | WARNING | step_6_enrich_metadata | No metadata found for Moebius
Pietà
2025-07-05 23:41:46,765 | WARNING | step_6_enrich_metadata | No metadata found for "A Serious Superman" -> Superman
2025-07-05 23:41:46,856 | WARNING | step_6_enrich_metadata | No metadata found for Khoya Khoya Chand / Dus Kahaniyaan
2025-07-05 23:41:46,955 | WARNING | step_6_enrich_metadata | No metadata found for Balle Vellaiya Thevaa
2025-07-05 23:41:47,097 | WARNING | step_6_enrich_metadata | No metadata found for Right Yaaa Wrong / Na Ghar Ke Na Ghaat Ke
2025-07-05 23:41:47,319 | INFO | step_6_enrich_metadata | Updated metadata for Guruvayoor Ambalanadayil
2025-07-05 23:41:47,415 | WARNING | step_6_enrich_metadata | No metadata found for Vinnai Thaandi Varuvaaya
2025-07-05 23:41:47,510 | WARNING | step_6_enrich_metadata | No metadata found for The Rahman Effect
2025-07-05 23:41:47,605 | WARNING | step_6_enrich_metadata | No metadata found for The Cage at the Top
2025-07-05 23:41:47,749 | WARNING | step_6_enrich_metadata | No metadata found for The other Miss Koovagam
2025-07-05 23:41:47,896 | WARNING | step_6_enrich_metadata | No metadata found for Sthanarthi Sreekkuttan
2025-07-05 23:41:48,012 | WARNING | step_6_enrich_metadata | No metadata found for The Intolerable Likeness of Being
2025-07-05 23:41:48,124 | WARNING | step_6_enrich_metadata | No metadata found for Godhi Banna Sadharna Mykattu
2025-07-05 23:41:48,223 | WARNING | step_6_enrich_metadata | No metadata found for Neruppuda
2025-07-05 23:41:48,345 | WARNING | step_6_enrich_metadata | No metadata found for The abyss of passion
2025-07-05 23:41:48,456 | WARNING | step_6_enrich_metadata | No metadata found for Addham
2025-07-05 23:41:48,569 | WARNING | step_6_enrich_metadata | No metadata found for The Invasion / Vacancy
2025-07-05 23:41:48,761 | INFO | step_6_enrich_metadata | Updated metadata for Drishyam
2025-07-05 23:41:48,862 | WARNING | step_6_enrich_metadata | No metadata found for The Sisters Brothers, Charlie Says, La Quietud
2025-07-05 23:41:48,956 | WARNING | step_6_enrich_metadata | No metadata found for The old man and the hill
2025-07-05 23:41:49,102 | WARNING | step_6_enrich_metadata | No metadata found for Kankaanikkum Maranam
2025-07-05 23:41:49,208 | INFO | step_6_enrich_metadata | Metadata enrichment complete
2025-07-05 23:44:43,219 | INFO | step_6_enrich_metadata | Enriching metadata for 123 movies
2025-07-05 23:44:43,337 | WARNING | step_6_enrich_metadata | No metadata found for Veeram / Jilla
2025-07-05 23:44:43,448 | WARNING | step_6_enrich_metadata | No metadata found for Deconstructing Woody
2025-07-05 23:44:43,558 | WARNING | step_6_enrich_metadata | No metadata found for Kalki, Thanneer Mathan Dinangal
2025-07-05 23:44:43,674 | WARNING | step_6_enrich_metadata | No metadata found for Pyaar Impossible / Dulha Mil Gaya
2025-07-05 23:44:44,216 | INFO | step_6_enrich_metadata | Updated metadata for Namadhu
2025-07-05 23:44:44,387 | WARNING | step_6_enrich_metadata | No metadata found for 10 Enradhukulla
2025-07-05 23:44:44,523 | WARNING | step_6_enrich_metadata | No metadata found for Kannil Mazhai
2025-07-05 23:44:44,650 | WARNING | step_6_enrich_metadata | No metadata found for Kettiyolaanu Ente Malakha
2025-07-05 23:44:44,758 | WARNING | step_6_enrich_metadata | No metadata found for Om Shanti Om
Saawariya
2025-07-05 23:44:44,866 | WARNING | step_6_enrich_metadata | No metadata found for The Woman Who Ran, Suk Suk, The Roads Not Taken
2025-07-05 23:44:45,052 | WARNING | step_6_enrich_metadata | No metadata found for U Me Aur Hum, Krazzy 4
2025-07-05 23:44:45,184 | WARNING | step_6_enrich_metadata | No metadata found for Moondru Per Moondru Kadal
2025-07-05 23:44:45,314 | WARNING | step_6_enrich_metadata | No metadata found for Neethane En Ponvasantham
2025-07-05 23:44:45,428 | WARNING | step_6_enrich_metadata | No metadata found for Kalakalappu @ Masala Café
2025-07-05 23:44:45,541 | WARNING | step_6_enrich_metadata | No metadata found for One Hundred Years of Solitude
2025-07-05 23:44:45,700 | WARNING | step_6_enrich_metadata | No metadata found for Kallachirippu
2025-07-05 23:44:45,821 | WARNING | step_6_enrich_metadata | No metadata found for Ameerin Aadhi Baghavan
2025-07-05 23:44:45,954 | WARNING | step_6_enrich_metadata | No metadata found for As I’m Suffering from Mixed Feelings
2025-07-05 23:44:46,061 | WARNING | step_6_enrich_metadata | No metadata found for Thelivuppathaiyin Neesa Thooram (TNT)
2025-07-05 23:44:46,189 | WARNING | step_6_enrich_metadata | No metadata found for Kyaa Kool Hain Hum 3 / Mastizaade
2025-07-05 23:44:46,365 | WARNING | step_6_enrich_metadata | No metadata found for "What a Crock of Sith!"
2025-07-05 23:44:46,496 | WARNING | step_6_enrich_metadata | No metadata found for Kadhal Parisu
2025-07-05 23:44:46,603 | WARNING | step_6_enrich_metadata | No metadata found for Contract / Kismat Konnection
2025-07-05 23:44:46,716 | WARNING | step_6_enrich_metadata | No metadata found for Thugs of Hindostan, 2.0
2025-07-05 23:44:46,832 | WARNING | step_6_enrich_metadata | No metadata found for Into the Mouth of Madness
2025-07-05 23:44:47,038 | WARNING | step_6_enrich_metadata | No metadata found for Sufiyum Sujathayum
2025-07-05 23:44:47,164 | WARNING | step_6_enrich_metadata | No metadata found for Aaha Kaadhal
2025-07-05 23:44:47,283 | WARNING | step_6_enrich_metadata | No metadata found for Dada, OK Kanmani, VTK, Sarpatta Parambara, Anbe Sivam
2025-07-05 23:44:47,388 | WARNING | step_6_enrich_metadata | No metadata found for Cruel Tale of Bushido
2025-07-05 23:44:47,508 | WARNING | step_6_enrich_metadata | No metadata found for Arre O Sambar
2025-07-05 23:44:47,676 | WARNING | step_6_enrich_metadata | No metadata found for Rann / Ishqiya
2025-07-05 23:44:47,834 | WARNING | step_6_enrich_metadata | No metadata found for Every Shankar film
2025-07-05 23:44:47,962 | WARNING | step_6_enrich_metadata | No metadata found for A view to a reevaluation
2025-07-05 23:44:48,066 | WARNING | step_6_enrich_metadata | No metadata found for Sadiyaan / Tum Milo Toh Sahi
2025-07-05 23:44:48,198 | WARNING | step_6_enrich_metadata | No metadata found for Dial M for Master
2025-07-05 23:44:48,364 | WARNING | step_6_enrich_metadata | No metadata found for The Heartbreak Kid / Enchanted / December Boys
2025-07-05 23:44:48,594 | INFO | step_6_enrich_metadata | Updated metadata for Mrs. America
2025-07-05 23:44:48,719 | WARNING | step_6_enrich_metadata | No metadata found for O Kaadhal Kanmani
2025-07-05 23:44:48,829 | WARNING | step_6_enrich_metadata | No metadata found for Indiana Shining
2025-07-05 23:44:48,937 | WARNING | step_6_enrich_metadata | No metadata found for The movie being reviewed is "The Godfather".
2025-07-05 23:44:49,117 | WARNING | step_6_enrich_metadata | No metadata found for Karthik Dial Seydha Yenn
2025-07-05 23:44:49,246 | WARNING | step_6_enrich_metadata | No metadata found for The reinvention of a K-k-k-khan
2025-07-05 23:44:49,369 | WARNING | step_6_enrich_metadata | No metadata found for The curious case of Kurosawa vs. Leone
2025-07-05 23:44:49,490 | WARNING | step_6_enrich_metadata | No metadata found for "A super superhero movie"
2025-07-05 23:44:49,615 | WARNING | step_6_enrich_metadata | No metadata found for Mafia Mahabharata
2025-07-05 23:44:49,781 | WARNING | step_6_enrich_metadata | No metadata found for Every Mani Ratnam film
2025-07-05 23:44:49,924 | WARNING | step_6_enrich_metadata | No metadata found for Masakali 2.0
2025-07-05 23:44:50,047 | WARNING | step_6_enrich_metadata | No metadata found for Tees Maar Khan / Toonpur Ka Superrhero
2025-07-05 23:44:50,157 | WARNING | step_6_enrich_metadata | No metadata found for Poar Kaithigal
2025-07-05 23:44:50,270 | WARNING | step_6_enrich_metadata | No metadata found for Laaga Chunari Mein Daag / Bhool Bhulaiyaa
2025-07-05 23:44:50,457 | WARNING | step_6_enrich_metadata | No metadata found for The Dinner from Hell
2025-07-05 23:44:50,584 | WARNING | step_6_enrich_metadata | No metadata found for Velainnu Vanthutta Vellakaran
2025-07-05 23:44:50,710 | WARNING | step_6_enrich_metadata | No metadata found for Thuppakki, Iruvar, Dil Se, Roja
2025-07-05 23:44:50,823 | WARNING | step_6_enrich_metadata | No metadata found for Chase / Housefull
2025-07-05 23:44:50,939 | WARNING | step_6_enrich_metadata | No metadata found for A Dinosaur Roams Again
2025-07-05 23:44:51,117 | WARNING | step_6_enrich_metadata | No metadata found for De Taali / Haal-e-Dil
2025-07-05 23:44:51,240 | WARNING | step_6_enrich_metadata | No metadata found for Uri – The Surgical Strike, Kumbalangi Nights
2025-07-05 23:44:51,348 | WARNING | step_6_enrich_metadata | No metadata found for Dilemma: Some Adults Story
2025-07-05 23:44:51,461 | WARNING | step_6_enrich_metadata | No metadata found for Once Upon Ay Time In Mumbai Dobaara
2025-07-05 23:44:51,569 | WARNING | step_6_enrich_metadata | No metadata found for "A road movie about roots"
2025-07-05 23:44:51,746 | WARNING | step_6_enrich_metadata | No metadata found for Little Fires Everywhere
2025-07-05 23:44:51,877 | WARNING | step_6_enrich_metadata | No metadata found for Paava Kadhaigal
2025-07-05 23:44:51,992 | WARNING | step_6_enrich_metadata | No metadata found for Five iconic movies of ‘Victory’ Venkatesh
2025-07-05 23:44:52,103 | WARNING | step_6_enrich_metadata | No metadata found for Stupor Men
2025-07-05 23:44:52,216 | WARNING | step_6_enrich_metadata | No metadata found for Ithu Kathirvelan Kadhal
2025-07-05 23:44:52,522 | INFO | step_6_enrich_metadata | Updated metadata for Teddy Bear
2025-07-05 23:44:52,647 | WARNING | step_6_enrich_metadata | No metadata found for Siberia, Welcome to Chechnya, My Little Sister
2025-07-05 23:44:52,761 | WARNING | step_6_enrich_metadata | No metadata found for Uthiri Pookkal
2025-07-05 23:44:52,874 | WARNING | step_6_enrich_metadata | No metadata found for The curious case of a buttoned-down
2025-07-05 23:44:52,993 | WARNING | step_6_enrich_metadata | No metadata found for Muthina Kathirikka
2025-07-05 23:44:53,170 | WARNING | step_6_enrich_metadata | No metadata found for Sapta Saagaradaache Ello - Side B
2025-07-05 23:44:53,287 | WARNING | step_6_enrich_metadata | No metadata found for Kolamaavu Kokila
2025-07-05 23:44:53,393 | WARNING | step_6_enrich_metadata | No metadata found for Kayamai Kadakka
2025-07-05 23:44:53,499 | WARNING | step_6_enrich_metadata | No metadata found for Pitta Kathalu
2025-07-05 23:44:53,617 | WARNING | step_6_enrich_metadata | No metadata found for Heeramandi
2025-07-05 23:44:53,751 | WARNING | step_6_enrich_metadata | No metadata found for Pichaikaaran
2025-07-05 23:44:53,887 | WARNING | step_6_enrich_metadata | No metadata found for Man Madan Ambu
2025-07-05 23:44:54,001 | WARNING | step_6_enrich_metadata | No metadata found for Tharamani
2025-07-05 23:44:54,143 | WARNING | step_6_enrich_metadata | No metadata found for Ajith’s film
2025-07-05 23:44:54,267 | WARNING | step_6_enrich_metadata | No metadata found for Kadhalil Sodhappuvadhu Eppidi
2025-07-05 23:44:54,372 | WARNING | step_6_enrich_metadata | No metadata found for Modern Love Chennai
2025-07-05 23:44:54,562 | WARNING | step_6_enrich_metadata | No metadata found for Gangs of Wasseypur II
2025-07-05 23:44:54,688 | WARNING | step_6_enrich_metadata | No metadata found for Putham Pudhu Kaalai Vidiyaadha
2025-07-05 23:44:54,811 | WARNING | step_6_enrich_metadata | No metadata found for Summer 2007 / Mere Baap Pehle Aap
2025-07-05 23:44:54,918 | WARNING | step_6_enrich_metadata | No metadata found for The French Disconnection
2025-07-05 23:44:55,041 | WARNING | step_6_enrich_metadata | No metadata found for Once Upon a Time in the Fest
2025-07-05 23:44:55,242 | WARNING | step_6_enrich_metadata | No metadata found for Sapta Saagaradaache Ello - Side A
2025-07-05 23:44:55,373 | WARNING | step_6_enrich_metadata | No metadata found for Kudi Yedamaithe
2025-07-05 23:44:55,481 | WARNING | step_6_enrich_metadata | No metadata found for Well Done Abba / Hum Tum Aur Ghost
2025-07-05 23:44:55,591 | WARNING | step_6_enrich_metadata | No metadata found for Goodnight Giggles
2025-07-05 23:44:55,706 | WARNING | step_6_enrich_metadata | No metadata found for Madras Male
2025-07-05 23:44:55,913 | WARNING | step_6_enrich_metadata | No metadata found for Prophet of Mood
2025-07-05 23:44:56,033 | WARNING | step_6_enrich_metadata | No metadata found for Engitta Modhathey
2025-07-05 23:44:56,140 | WARNING | step_6_enrich_metadata | No metadata found for Kaun Kitne Paani Mein
2025-07-05 23:44:56,253 | WARNING | step_6_enrich_metadata | No metadata found for PotC-On Stranger Tides
2025-07-05 23:44:56,370 | WARNING | step_6_enrich_metadata | No metadata found for That Four Letter Word
2025-07-05 23:44:56,550 | WARNING | step_6_enrich_metadata | No metadata found for Kaaviyathalaivan
2025-07-05 23:44:56,682 | WARNING | step_6_enrich_metadata | No metadata found for No Country for Young Women
2025-07-05 23:44:56,807 | WARNING | step_6_enrich_metadata | No metadata found for Chennai Ungalai Anbudan Varaverkirathu
2025-07-05 23:44:56,931 | WARNING | step_6_enrich_metadata | No metadata found for Ullangai Nellikkani
2025-07-05 23:44:57,053 | WARNING | step_6_enrich_metadata | No metadata found for KGF: Chapter Two
2025-07-05 23:44:57,223 | WARNING | step_6_enrich_metadata | No metadata found for Payanam / Nadunisi Naaigal
2025-07-05 23:44:57,347 | WARNING | step_6_enrich_metadata | No metadata found for "A Serious Superman" -> Superman
2025-07-05 23:44:57,451 | WARNING | step_6_enrich_metadata | No metadata found for Moebius
Pietà
2025-07-05 23:44:57,568 | WARNING | step_6_enrich_metadata | No metadata found for Khoya Khoya Chand / Dus Kahaniyaan
2025-07-05 23:44:57,675 | WARNING | step_6_enrich_metadata | No metadata found for Balle Vellaiya Thevaa
2025-07-05 23:44:57,842 | WARNING | step_6_enrich_metadata | No metadata found for Right Yaaa Wrong / Na Ghar Ke Na Ghaat Ke
2025-07-05 23:44:57,967 | WARNING | step_6_enrich_metadata | No metadata found for The Cage at the Top
2025-07-05 23:44:58,079 | WARNING | step_6_enrich_metadata | No metadata found for The Rahman Effect
2025-07-05 23:44:58,317 | INFO | step_6_enrich_metadata | Updated metadata for Guruvayoor Ambalanadayil
2025-07-05 23:44:58,432 | WARNING | step_6_enrich_metadata | No metadata found for Vinnai Thaandi Varuvaaya
2025-07-05 23:44:58,605 | WARNING | step_6_enrich_metadata | No metadata found for The other Miss Koovagam
2025-07-05 23:44:58,728 | WARNING | step_6_enrich_metadata | No metadata found for Godhi Banna Sadharna Mykattu
2025-07-05 23:44:58,844 | WARNING | step_6_enrich_metadata | No metadata found for Neruppuda
2025-07-05 23:44:58,966 | WARNING | step_6_enrich_metadata | No metadata found for Sthanarthi Sreekkuttan
2025-07-05 23:44:59,074 | WARNING | step_6_enrich_metadata | No metadata found for The Intolerable Likeness of Being
2025-07-05 23:44:59,252 | WARNING | step_6_enrich_metadata | No metadata found for The abyss of passion
2025-07-05 23:44:59,355 | WARNING | step_6_enrich_metadata | No metadata found for The Sisters Brothers, Charlie Says, La Quietud
2025-07-05 23:44:59,467 | WARNING | step_6_enrich_metadata | No metadata found for The old man and the hill
2025-07-05 23:44:59,574 | WARNING | step_6_enrich_metadata | No metadata found for The Invasion / Vacancy
2025-07-05 23:44:59,684 | WARNING | step_6_enrich_metadata | No metadata found for Addham
2025-07-05 23:45:00,043 | INFO | step_6_enrich_metadata | Updated metadata for Drishyam
2025-07-05 23:45:00,169 | WARNING | step_6_enrich_metadata | No metadata found for Kankaanikkum Maranam
2025-07-05 23:45:00,277 | INFO | step_6_enrich_metadata | Metadata enrichment complete
2025-07-05 23:47:42,523 | INFO | step_6_enrich_metadata | Enriching metadata for 123 movies
2025-07-05 23:47:42,640 | WARNING | step_6_enrich_metadata | No metadata found for Deconstructing Woody
2025-07-05 23:47:42,743 | WARNING | step_6_enrich_metadata | No metadata found for Veeram / Jilla
2025-07-05 23:47:42,847 | WARNING | step_6_enrich_metadata | No metadata found for Kalki, Thanneer Mathan Dinangal
2025-07-05 23:47:42,941 | WARNING | step_6_enrich_metadata | No metadata found for Pyaar Impossible / Dulha Mil Gaya
2025-07-05 23:47:43,152 | INFO | step_6_enrich_metadata | Updated metadata for Namadhu
2025-07-05 23:47:43,332 | WARNING | step_6_enrich_metadata | No metadata found for 10 Enradhukulla
2025-07-05 23:47:43,470 | WARNING | step_6_enrich_metadata | No metadata found for Kettiyolaanu Ente Malakha
2025-07-05 23:47:43,603 | WARNING | step_6_enrich_metadata | No metadata found for The Woman Who Ran, Suk Suk, The Roads Not Taken
2025-07-05 23:47:43,716 | WARNING | step_6_enrich_metadata | No metadata found for Kannil Mazhai
2025-07-05 23:47:43,818 | WARNING | step_6_enrich_metadata | No metadata found for Om Shanti Om
Saawariya
2025-07-05 23:47:43,969 | WARNING | step_6_enrich_metadata | No metadata found for Moondru Per Moondru Kadal
2025-07-05 23:47:44,118 | WARNING | step_6_enrich_metadata | No metadata found for Neethane En Ponvasantham
2025-07-05 23:47:44,369 | WARNING | step_6_enrich_metadata | No metadata found for U Me Aur Hum, Krazzy 4
2025-07-05 23:47:44,460 | WARNING | step_6_enrich_metadata | No metadata found for One Hundred Years of Solitude
2025-07-05 23:47:44,575 | WARNING | step_6_enrich_metadata | No metadata found for Kalakalappu @ Masala Café
2025-07-05 23:47:44,695 | WARNING | step_6_enrich_metadata | No metadata found for Kallachirippu
2025-07-05 23:47:44,868 | WARNING | step_6_enrich_metadata | No metadata found for Thelivuppathaiyin Neesa Thooram (TNT)
2025-07-05 23:47:44,966 | WARNING | step_6_enrich_metadata | No metadata found for Kyaa Kool Hain Hum 3 / Mastizaade
2025-07-05 23:47:45,081 | WARNING | step_6_enrich_metadata | No metadata found for "What a Crock of Sith!"
2025-07-05 23:47:45,198 | WARNING | step_6_enrich_metadata | No metadata found for As I’m Suffering from Mixed Feelings
2025-07-05 23:47:45,299 | WARNING | step_6_enrich_metadata | No metadata found for Ameerin Aadhi Baghavan
2025-07-05 23:47:45,468 | WARNING | step_6_enrich_metadata | No metadata found for Kadhal Parisu
2025-07-05 23:47:45,575 | WARNING | step_6_enrich_metadata | No metadata found for Into the Mouth of Madness
2025-07-05 23:47:45,695 | WARNING | step_6_enrich_metadata | No metadata found for Contract / Kismat Konnection
2025-07-05 23:47:45,812 | WARNING | step_6_enrich_metadata | No metadata found for Thugs of Hindostan, 2.0
2025-07-05 23:47:45,930 | WARNING | step_6_enrich_metadata | No metadata found for Cruel Tale of Bushido
2025-07-05 23:47:46,077 | WARNING | step_6_enrich_metadata | No metadata found for Arre O Sambar
2025-07-05 23:47:46,173 | WARNING | step_6_enrich_metadata | No metadata found for Rann / Ishqiya
2025-07-05 23:47:46,283 | WARNING | step_6_enrich_metadata | No metadata found for Sufiyum Sujathayum
2025-07-05 23:47:46,394 | WARNING | step_6_enrich_metadata | No metadata found for Aaha Kaadhal
2025-07-05 23:47:46,496 | WARNING | step_6_enrich_metadata | No metadata found for Dada, OK Kanmani, VTK, Sarpatta Parambara, Anbe Sivam
2025-07-05 23:47:46,680 | WARNING | step_6_enrich_metadata | No metadata found for Every Shankar film
2025-07-05 23:47:46,798 | WARNING | step_6_enrich_metadata | No metadata found for The Heartbreak Kid / Enchanted / December Boys
2025-07-05 23:47:46,896 | WARNING | step_6_enrich_metadata | No metadata found for Sadiyaan / Tum Milo Toh Sahi
2025-07-05 23:47:47,004 | WARNING | step_6_enrich_metadata | No metadata found for A view to a reevaluation
2025-07-05 23:47:47,108 | WARNING | step_6_enrich_metadata | No metadata found for Dial M for Master
2025-07-05 23:47:47,285 | WARNING | step_6_enrich_metadata | No metadata found for Indiana Shining
2025-07-05 23:47:47,390 | WARNING | step_6_enrich_metadata | No metadata found for The movie being reviewed is "The Godfather".
2025-07-05 23:47:47,610 | INFO | step_6_enrich_metadata | Updated metadata for Mrs. America
2025-07-05 23:47:47,713 | WARNING | step_6_enrich_metadata | No metadata found for O Kaadhal Kanmani
2025-07-05 23:47:47,807 | WARNING | step_6_enrich_metadata | No metadata found for Karthik Dial Seydha Yenn
2025-07-05 23:47:47,972 | WARNING | step_6_enrich_metadata | No metadata found for The curious case of Kurosawa vs. Leone
2025-07-05 23:47:48,092 | WARNING | step_6_enrich_metadata | No metadata found for Mafia Mahabharata
2025-07-05 23:47:48,208 | WARNING | step_6_enrich_metadata | No metadata found for Every Mani Ratnam film
2025-07-05 23:47:48,326 | WARNING | step_6_enrich_metadata | No metadata found for The reinvention of a K-k-k-khan
2025-07-05 23:47:48,443 | WARNING | step_6_enrich_metadata | No metadata found for "A super superhero movie"
2025-07-05 23:47:48,641 | WARNING | step_6_enrich_metadata | No metadata found for Poar Kaithigal
2025-07-05 23:47:48,748 | WARNING | step_6_enrich_metadata | No metadata found for Laaga Chunari Mein Daag / Bhool Bhulaiyaa
2025-07-05 23:47:48,869 | WARNING | step_6_enrich_metadata | No metadata found for Masakali 2.0
2025-07-05 23:47:48,965 | WARNING | step_6_enrich_metadata | No metadata found for Tees Maar Khan / Toonpur Ka Superrhero
2025-07-05 23:47:49,076 | WARNING | step_6_enrich_metadata | No metadata found for The Dinner from Hell
2025-07-05 23:47:49,250 | WARNING | step_6_enrich_metadata | No metadata found for Thuppakki, Iruvar, Dil Se, Roja
2025-07-05 23:47:49,353 | WARNING | step_6_enrich_metadata | No metadata found for Chase / Housefull
2025-07-05 23:47:49,462 | WARNING | step_6_enrich_metadata | No metadata found for De Taali / Haal-e-Dil
2025-07-05 23:47:49,577 | WARNING | step_6_enrich_metadata | No metadata found for A Dinosaur Roams Again
2025-07-05 23:47:49,680 | WARNING | step_6_enrich_metadata | No metadata found for Velainnu Vanthutta Vellakaran
2025-07-05 23:47:49,848 | WARNING | step_6_enrich_metadata | No metadata found for Once Upon Ay Time In Mumbai Dobaara
2025-07-05 23:47:50,038 | WARNING | step_6_enrich_metadata | No metadata found for Uri – The Surgical Strike, Kumbalangi Nights
2025-07-05 23:47:50,136 | WARNING | step_6_enrich_metadata | No metadata found for "A road movie about roots"
2025-07-05 23:47:50,243 | WARNING | step_6_enrich_metadata | No metadata found for Dilemma: Some Adults Story
2025-07-05 23:47:50,348 | WARNING | step_6_enrich_metadata | No metadata found for Little Fires Everywhere
2025-07-05 23:47:50,551 | WARNING | step_6_enrich_metadata | No metadata found for Five iconic movies of ‘Victory’ Venkatesh
2025-07-05 23:47:50,660 | WARNING | step_6_enrich_metadata | No metadata found for The curious case of a buttoned-down
2025-07-05 23:47:50,765 | WARNING | step_6_enrich_metadata | No metadata found for Paava Kadhaigal
2025-07-05 23:47:50,882 | WARNING | step_6_enrich_metadata | No metadata found for Ithu Kathirvelan Kadhal
2025-07-05 23:47:51,010 | WARNING | step_6_enrich_metadata | No metadata found for Stupor Men
2025-07-05 23:47:51,197 | WARNING | step_6_enrich_metadata | No metadata found for Uthiri Pookkal
2025-07-05 23:47:51,312 | WARNING | step_6_enrich_metadata | No metadata found for Sapta Saagaradaache Ello - Side B
2025-07-05 23:47:51,523 | INFO | step_6_enrich_metadata | Updated metadata for Teddy Bear
2025-07-05 23:47:51,611 | WARNING | step_6_enrich_metadata | No metadata found for Siberia, Welcome to Chechnya, My Little Sister
2025-07-05 23:47:51,705 | WARNING | step_6_enrich_metadata | No metadata found for Muthina Kathirikka
2025-07-05 23:47:51,871 | WARNING | step_6_enrich_metadata | No metadata found for Kolamaavu Kokila
2025-07-05 23:47:51,990 | WARNING | step_6_enrich_metadata | No metadata found for Pitta Kathalu
2025-07-05 23:47:52,115 | WARNING | step_6_enrich_metadata | No metadata found for Heeramandi
2025-07-05 23:47:52,236 | WARNING | step_6_enrich_metadata | No metadata found for Pichaikaaran
2025-07-05 23:47:52,354 | WARNING | step_6_enrich_metadata | No metadata found for Kayamai Kadakka
2025-07-05 23:47:52,499 | WARNING | step_6_enrich_metadata | No metadata found for Man Madan Ambu
2025-07-05 23:47:52,597 | WARNING | step_6_enrich_metadata | No metadata found for Kadhalil Sodhappuvadhu Eppidi
2025-07-05 23:47:52,707 | WARNING | step_6_enrich_metadata | No metadata found for Modern Love Chennai
2025-07-05 23:47:52,805 | WARNING | step_6_enrich_metadata | No metadata found for Tharamani
2025-07-05 23:47:52,900 | WARNING | step_6_enrich_metadata | No metadata found for Ajith’s film
2025-07-05 23:47:53,092 | WARNING | step_6_enrich_metadata | No metadata found for Putham Pudhu Kaalai Vidiyaadha
2025-07-05 23:47:53,196 | WARNING | step_6_enrich_metadata | No metadata found for Once Upon a Time in the Fest
2025-07-05 23:47:53,301 | WARNING | step_6_enrich_metadata | No metadata found for Gangs of Wasseypur II
2025-07-05 23:47:53,403 | WARNING | step_6_enrich_metadata | No metadata found for The French Disconnection
2025-07-05 23:47:53,499 | WARNING | step_6_enrich_metadata | No metadata found for Summer 2007 / Mere Baap Pehle Aap
2025-07-05 23:47:53,658 | WARNING | step_6_enrich_metadata | No metadata found for Goodnight Giggles
2025-07-05 23:47:53,776 | WARNING | step_6_enrich_metadata | No metadata found for Sapta Saagaradaache Ello - Side A
2025-07-05 23:47:53,867 | WARNING | step_6_enrich_metadata | No metadata found for Madras Male
2025-07-05 23:47:54,118 | WARNING | step_6_enrich_metadata | No metadata found for Well Done Abba / Hum Tum Aur Ghost
2025-07-05 23:47:54,209 | WARNING | step_6_enrich_metadata | No metadata found for Kudi Yedamaithe
2025-07-05 23:47:54,374 | WARNING | step_6_enrich_metadata | No metadata found for That Four Letter Word
2025-07-05 23:47:54,497 | WARNING | step_6_enrich_metadata | No metadata found for PotC-On Stranger Tides
2025-07-05 23:47:54,603 | WARNING | step_6_enrich_metadata | No metadata found for Kaun Kitne Paani Mein
2025-07-05 23:47:54,706 | WARNING | step_6_enrich_metadata | No metadata found for Engitta Modhathey
2025-07-05 23:47:54,817 | WARNING | step_6_enrich_metadata | No metadata found for Prophet of Mood
2025-07-05 23:47:54,989 | WARNING | step_6_enrich_metadata | No metadata found for KGF: Chapter Two
2025-07-05 23:47:55,083 | WARNING | step_6_enrich_metadata | No metadata found for Chennai Ungalai Anbudan Varaverkirathu
2025-07-05 23:47:55,180 | WARNING | step_6_enrich_metadata | No metadata found for Kaaviyathalaivan
2025-07-05 23:47:55,293 | WARNING | step_6_enrich_metadata | No metadata found for Ullangai Nellikkani
2025-07-05 23:47:55,391 | WARNING | step_6_enrich_metadata | No metadata found for No Country for Young Women
2025-07-05 23:47:55,555 | WARNING | step_6_enrich_metadata | No metadata found for Payanam / Nadunisi Naaigal
2025-07-05 23:47:55,657 | WARNING | step_6_enrich_metadata | No metadata found for Khoya Khoya Chand / Dus Kahaniyaan
2025-07-05 23:47:55,781 | WARNING | step_6_enrich_metadata | No metadata found for Balle Vellaiya Thevaa
2025-07-05 23:47:55,875 | WARNING | step_6_enrich_metadata | No metadata found for Moebius
Pietà
2025-07-05 23:47:55,967 | WARNING | step_6_enrich_metadata | No metadata found for "A Serious Superman" -> Superman
2025-07-05 23:47:56,142 | WARNING | step_6_enrich_metadata | No metadata found for The Rahman Effect
2025-07-05 23:47:56,244 | WARNING | step_6_enrich_metadata | No metadata found for Right Yaaa Wrong / Na Ghar Ke Na Ghaat Ke
2025-07-05 23:47:56,353 | WARNING | step_6_enrich_metadata | No metadata found for Vinnai Thaandi Varuvaaya
2025-07-05 23:47:56,561 | INFO | step_6_enrich_metadata | Updated metadata for Guruvayoor Ambalanadayil
2025-07-05 23:47:56,668 | WARNING | step_6_enrich_metadata | No metadata found for The Cage at the Top
2025-07-05 23:47:56,815 | WARNING | step_6_enrich_metadata | No metadata found for The other Miss Koovagam
2025-07-05 23:47:56,929 | WARNING | step_6_enrich_metadata | No metadata found for The Intolerable Likeness of Being
2025-07-05 23:47:57,033 | WARNING | step_6_enrich_metadata | No metadata found for Godhi Banna Sadharna Mykattu
2025-07-05 23:47:57,124 | WARNING | step_6_enrich_metadata | No metadata found for Neruppuda
2025-07-05 23:47:57,249 | WARNING | step_6_enrich_metadata | No metadata found for Sthanarthi Sreekkuttan
2025-07-05 23:47:57,413 | WARNING | step_6_enrich_metadata | No metadata found for The old man and the hill
2025-07-05 23:47:57,535 | WARNING | step_6_enrich_metadata | No metadata found for The Sisters Brothers, Charlie Says, La Quietud
2025-07-05 23:47:57,657 | WARNING | step_6_enrich_metadata | No metadata found for The abyss of passion
2025-07-05 23:47:57,759 | WARNING | step_6_enrich_metadata | No metadata found for The Invasion / Vacancy
2025-07-05 23:47:57,850 | WARNING | step_6_enrich_metadata | No metadata found for Addham
2025-07-05 23:47:58,115 | INFO | step_6_enrich_metadata | Updated metadata for Drishyam
2025-07-05 23:47:58,258 | WARNING | step_6_enrich_metadata | No metadata found for Kankaanikkum Maranam
2025-07-05 23:47:58,368 | INFO | step_6_enrich_metadata | Metadata enrichment complete
