2025-07-05 23:23:26,327 | INFO | step_3_classify_reviews | Classifying 339 reviews
2025-07-05 23:23:28,422 | INFO | step_3_classify_reviews | Updated review dc6b390d-d94a-4c1e-a146-d019e0b321a4 -> False
2025-07-05 23:23:29,814 | INFO | step_3_classify_reviews | Updated review 947504bc-4dad-4f77-b5d5-53188f16778d -> False
2025-07-05 23:23:30,716 | INFO | step_3_classify_reviews | Updated review 33394ecd-a65c-44d6-862b-40719e11ea02 -> False
2025-07-05 23:23:31,233 | INFO | step_3_classify_reviews | Updated review 31584f3f-4a97-41a1-92da-59e778e1c50a -> False
2025-07-05 23:23:32,016 | INFO | step_3_classify_reviews | Updated review 116d2bcc-ddf7-4a64-b600-06709ef21550 -> False
2025-07-05 23:23:32,991 | INFO | step_3_classify_reviews | Updated review c9c96bf2-50fd-4ca4-8da8-72567e2e2477 -> False
2025-07-05 23:23:33,931 | INFO | step_3_classify_reviews | Updated review 6e956343-4745-43ad-a951-79a5fd2dd8a2 -> False
2025-07-05 23:23:34,839 | INFO | step_3_classify_reviews | Updated review 26faa7fc-2f39-4ce1-9ed4-66b1688e2e6e -> False
2025-07-05 23:23:35,541 | INFO | step_3_classify_reviews | Updated review 289d972f-7074-47db-a485-7650b8919dc3 -> False
2025-07-05 23:23:36,069 | INFO | step_3_classify_reviews | Updated review 3c36b6e9-e3fb-4eb9-8c4e-d3cb2f8853eb -> False
2025-07-05 23:23:36,566 | INFO | step_3_classify_reviews | Updated review e20d5572-c03e-463c-8239-94fe6bca2dd5 -> False
2025-07-05 23:23:37,141 | INFO | step_3_classify_reviews | Updated review b4862e14-6d8c-4d3f-8ae1-92ee7f8de78e -> False
2025-07-05 23:23:38,064 | INFO | step_3_classify_reviews | Updated review d25b4512-e790-4bc2-a7a0-826660e07359 -> False
2025-07-05 23:23:38,582 | INFO | step_3_classify_reviews | Updated review 928d94df-c6a4-429a-a416-1cbeaaa8e390 -> False
2025-07-05 23:23:39,572 | INFO | step_3_classify_reviews | Updated review b91b1941-00ca-4316-94fe-3d5eb97cabe6 -> False
2025-07-05 23:23:40,150 | INFO | step_3_classify_reviews | Updated review 2c45bfb2-3fa6-4721-b245-75a86a5fb0e2 -> False
2025-07-05 23:23:40,800 | INFO | step_3_classify_reviews | Updated review 12534868-d7ff-48ab-8aaf-48a2b6b4605a -> False
2025-07-05 23:23:41,404 | INFO | step_3_classify_reviews | Updated review ee12274c-5f43-4260-8141-48cb5b2f31bb -> False
2025-07-05 23:23:41,992 | INFO | step_3_classify_reviews | Updated review 4d5e40a1-9104-4b34-9b5c-1381e9aa7ba4 -> False
2025-07-05 23:23:42,544 | INFO | step_3_classify_reviews | Updated review a7cd991e-38ed-4c70-bdd2-d7e493e0868d -> False
2025-07-05 23:23:43,567 | INFO | step_3_classify_reviews | Updated review dd26820b-4974-487b-a145-e1ac73bd18b5 -> False
2025-07-05 23:23:44,083 | INFO | step_3_classify_reviews | Updated review 453572f0-5e26-4710-8683-a3bf86cce7d8 -> False
2025-07-05 23:23:44,674 | INFO | step_3_classify_reviews | Updated review 2ee1949f-d464-4679-aa97-04dca316349a -> False
2025-07-05 23:23:45,304 | INFO | step_3_classify_reviews | Updated review 1ebb1df6-edfe-4c4a-8ef1-db767c5376d1 -> False
2025-07-05 23:23:46,265 | INFO | step_3_classify_reviews | Updated review d5a5e8c1-1c93-4cba-8c01-3d7aae414163 -> False
2025-07-05 23:23:46,831 | INFO | step_3_classify_reviews | Updated review 45233591-4e83-40b8-8e92-86e299d23499 -> False
2025-07-05 23:23:47,401 | INFO | step_3_classify_reviews | Updated review c41289b7-9240-4b48-91da-23e0250dd5a1 -> False
2025-07-05 23:23:48,221 | INFO | step_3_classify_reviews | Updated review 50552160-2298-417e-bbf2-8479874205ee -> False
2025-07-05 23:23:48,858 | INFO | step_3_classify_reviews | Updated review fec9903a-d3e3-43c7-97e5-7aa894a4304a -> False
2025-07-05 23:23:49,436 | INFO | step_3_classify_reviews | Updated review ff2972fe-c2f8-4f39-bcfe-8d1ab9f81f2f -> False
2025-07-05 23:23:50,044 | INFO | step_3_classify_reviews | Updated review 56532876-196c-4818-a1e4-5dd266d28983 -> False
2025-07-05 23:23:50,650 | INFO | step_3_classify_reviews | Updated review 88e7ae11-a78c-4493-8017-0511c8e744a4 -> False
2025-07-05 23:23:51,350 | INFO | step_3_classify_reviews | Updated review cb1ecc3b-855e-4d46-8a47-8a20153aa178 -> False
2025-07-05 23:23:51,871 | INFO | step_3_classify_reviews | Updated review 388c8acc-7a9c-4933-a8fd-08a2e67ebef0 -> False
2025-07-05 23:23:53,438 | INFO | step_3_classify_reviews | Updated review 42610cd4-62d6-457f-8f72-e9346eec4816 -> False
2025-07-05 23:23:54,138 | INFO | step_3_classify_reviews | Updated review 76fd60d4-37b0-44c1-a56c-00294e181b38 -> False
2025-07-05 23:23:55,013 | INFO | step_3_classify_reviews | Updated review b5d61ce9-e3f4-45a5-8e13-cb647c4ecb88 -> False
2025-07-05 23:23:55,608 | INFO | step_3_classify_reviews | Updated review cc889380-f89d-4568-a0ff-d892d8c12fd5 -> False
2025-07-05 23:23:56,306 | INFO | step_3_classify_reviews | Updated review f76b19f5-a68f-44a1-a193-092b8f25b82c -> False
2025-07-05 23:23:56,822 | INFO | step_3_classify_reviews | Updated review f3e99a37-89c3-456c-8949-4e68743f6471 -> False
2025-07-05 23:23:57,396 | INFO | step_3_classify_reviews | Updated review 9afc23e0-8a41-4c6b-959c-e27fe9bce44b -> False
2025-07-05 23:23:58,193 | INFO | step_3_classify_reviews | Updated review d3190d39-eb58-4473-919f-f0369aa0020f -> False
2025-07-05 23:23:58,719 | INFO | step_3_classify_reviews | Updated review 9302aba6-9d7f-4f5d-b2ab-b96968be1696 -> False
2025-07-05 23:24:00,054 | INFO | step_3_classify_reviews | Updated review 52ba7fa2-bfd4-4501-98eb-d405419144fc -> False
2025-07-05 23:24:00,690 | INFO | step_3_classify_reviews | Updated review d3369d8e-6834-4095-8b06-164e051bef64 -> False
2025-07-05 23:24:01,292 | INFO | step_3_classify_reviews | Updated review bac3d68b-ab23-4b9f-a5ad-bcc009c6bbea -> False
2025-07-05 23:24:01,996 | INFO | step_3_classify_reviews | Updated review 644423d7-39c7-488b-a84c-b66c1604bc64 -> False
2025-07-05 23:24:02,591 | INFO | step_3_classify_reviews | Updated review 4fe27f5b-0557-4143-a290-df0df760a1a8 -> False
2025-07-05 23:24:03,317 | INFO | step_3_classify_reviews | Updated review a637830c-d5cb-480a-85fa-50736eee0ed2 -> False
2025-07-05 23:24:03,958 | INFO | step_3_classify_reviews | Updated review 82bb946f-3055-4ab8-94eb-8cc01c632c57 -> False
2025-07-05 23:24:04,522 | INFO | step_3_classify_reviews | Updated review 0b19835f-6efb-420e-b3c8-47ede816a1ee -> False
2025-07-05 23:24:05,199 | INFO | step_3_classify_reviews | Updated review 7073e3f6-9517-49e0-8fac-e8a36cd4fcba -> False
2025-07-05 23:24:06,001 | INFO | step_3_classify_reviews | Updated review 8934242a-d4f4-48dd-9bf6-b0e4e9c34782 -> False
2025-07-05 23:24:06,565 | INFO | step_3_classify_reviews | Updated review ce4f5486-d0fc-48f8-8697-c28a0d513983 -> False
2025-07-05 23:24:07,230 | INFO | step_3_classify_reviews | Updated review 04d59e91-9344-4535-9ca6-9fe5a0669bf9 -> False
2025-07-05 23:24:08,219 | INFO | step_3_classify_reviews | Updated review 732588bc-d7c5-46de-8209-98dde03b12d5 -> False
2025-07-05 23:24:08,999 | INFO | step_3_classify_reviews | Updated review 6b1982a7-de62-48e3-a605-1ee8c25acf9e -> False
2025-07-05 23:24:09,728 | INFO | step_3_classify_reviews | Updated review c2dab15d-33a4-4181-95cd-79bce6107316 -> False
2025-07-05 23:24:10,421 | INFO | step_3_classify_reviews | Updated review 2c1c37db-f15b-488a-a501-6503938011f3 -> False
2025-07-05 23:24:11,019 | INFO | step_3_classify_reviews | Updated review fd66645b-9af3-417e-8447-7e7a263d904a -> False
2025-07-05 23:24:11,593 | INFO | step_3_classify_reviews | Updated review bcdc2595-0295-4e5d-a3d6-85d3661b2f69 -> False
2025-07-05 23:24:12,172 | INFO | step_3_classify_reviews | Updated review 1b8a9162-1795-4d31-b2ab-ed053958490a -> False
2025-07-05 23:24:12,845 | INFO | step_3_classify_reviews | Updated review a695121d-7419-440b-91a4-4bb6189bec43 -> False
2025-07-05 23:24:13,434 | INFO | step_3_classify_reviews | Updated review 50595299-ae00-4145-94cb-08d381f70582 -> False
2025-07-05 23:24:13,956 | INFO | step_3_classify_reviews | Updated review feee66b1-48f7-430a-aeed-4e35f628796a -> False
2025-07-05 23:24:14,576 | INFO | step_3_classify_reviews | Updated review af41bd89-b7c1-4ee6-b8c9-52abb0c03f16 -> False
2025-07-05 23:24:15,294 | INFO | step_3_classify_reviews | Updated review a66c5a98-3a16-40b5-9545-69ac09289727 -> False
2025-07-05 23:24:15,897 | INFO | step_3_classify_reviews | Updated review 21a5c181-39bd-404f-94d8-7ff82302c0e2 -> False
2025-07-05 23:24:16,425 | INFO | step_3_classify_reviews | Updated review f374ea41-ea1b-436b-a4be-ca6be7e1b3cb -> False
2025-07-05 23:24:17,030 | INFO | step_3_classify_reviews | Updated review 6618b5a2-72a7-4ac4-93df-a25db3010391 -> False
2025-07-05 23:24:17,574 | INFO | step_3_classify_reviews | Updated review 17818616-9117-44da-bef5-5946c4c07116 -> False
2025-07-05 23:24:18,215 | INFO | step_3_classify_reviews | Updated review cd91798f-98ca-4978-b27e-7e8973b12f91 -> False
2025-07-05 23:24:18,849 | INFO | step_3_classify_reviews | Updated review 0a7e0558-fe8b-42a6-88df-0f184c4e72ef -> False
2025-07-05 23:24:19,468 | INFO | step_3_classify_reviews | Updated review 680012e6-a734-4938-b201-99682575f5a8 -> False
2025-07-05 23:24:20,404 | INFO | step_3_classify_reviews | Updated review 58200a61-9f3f-4cbc-a611-4cd834e2b52b -> False
2025-07-05 23:24:20,983 | INFO | step_3_classify_reviews | Updated review a9cc59a5-ecaf-4e85-bc80-859f3a4d2436 -> False
2025-07-05 23:24:21,704 | INFO | step_3_classify_reviews | Updated review d3a56213-27e6-4983-baa2-5559b22141a4 -> False
2025-07-05 23:24:22,559 | INFO | step_3_classify_reviews | Updated review afba9433-bc16-43d0-bdc0-720e15b6a4d1 -> False
2025-07-05 23:24:23,101 | INFO | step_3_classify_reviews | Updated review 6d807bcb-13e5-4077-a868-31b56f7114d0 -> False
2025-07-05 23:24:23,899 | INFO | step_3_classify_reviews | Updated review 6df95332-20b8-4ee3-b955-ee4d4546c584 -> False
2025-07-05 23:24:24,507 | INFO | step_3_classify_reviews | Updated review 0194f37a-3240-40bb-a533-e335e46ba51a -> False
2025-07-05 23:24:25,069 | INFO | step_3_classify_reviews | Updated review d78338e3-94c8-4aea-b492-ae93def0ad7c -> False
2025-07-05 23:24:25,735 | INFO | step_3_classify_reviews | Updated review b76596bb-9b34-4853-ac2e-7c7aea419036 -> False
2025-07-05 23:24:26,658 | INFO | step_3_classify_reviews | Updated review cf31cfc2-d288-4482-89fe-28e5a266ce41 -> False
2025-07-05 23:24:27,183 | INFO | step_3_classify_reviews | Updated review 8efa61b2-c23c-4f2a-9df5-9083605341e8 -> False
2025-07-05 23:24:27,736 | INFO | step_3_classify_reviews | Updated review 611ddea9-da7b-46e8-957c-e4463344f8e0 -> False
2025-07-05 23:24:28,378 | INFO | step_3_classify_reviews | Updated review b89b930e-e351-43e3-8c53-ecc5cdbeb787 -> False
2025-07-05 23:24:29,168 | INFO | step_3_classify_reviews | Updated review 0302f06d-75a7-4734-ab4c-f20efb9e75ad -> False
2025-07-05 23:24:29,799 | INFO | step_3_classify_reviews | Updated review 7c11b77c-6bec-438f-9ea9-ab60d7c9008d -> False
2025-07-05 23:24:30,964 | INFO | step_3_classify_reviews | Updated review a6056a7d-94cf-47e4-9124-50a93f67f779 -> False
2025-07-05 23:24:31,494 | INFO | step_3_classify_reviews | Updated review 597bd0ce-fbf2-40b1-ac1b-d5c382ab925e -> False
2025-07-05 23:24:32,006 | INFO | step_3_classify_reviews | Updated review 776b0b89-aae5-4d2c-bcef-93da5a980ebb -> False
2025-07-05 23:24:32,728 | INFO | step_3_classify_reviews | Updated review 48c3adf1-2533-4811-bb47-466ac8ff7df2 -> False
2025-07-05 23:24:33,378 | INFO | step_3_classify_reviews | Updated review df4353d3-9e6e-4986-a7d7-d4473c13c0a2 -> False
2025-07-05 23:24:34,073 | INFO | step_3_classify_reviews | Updated review 629f35b1-68cd-423d-bfd9-d0bd07269334 -> False
2025-07-05 23:24:34,661 | INFO | step_3_classify_reviews | Updated review 0163af0c-e288-4570-96da-067b1e2988b1 -> False
2025-07-05 23:24:35,175 | INFO | step_3_classify_reviews | Updated review 9540338a-4585-4279-b25c-ce1bde42b534 -> False
2025-07-05 23:24:35,607 | INFO | step_3_classify_reviews | Updated review 0df00f78-5149-4ad6-844c-3c3e163e6679 -> False
2025-07-05 23:24:36,184 | INFO | step_3_classify_reviews | Updated review e4d17306-b38c-4f99-8e38-14069a9ae737 -> False
2025-07-05 23:24:36,880 | INFO | step_3_classify_reviews | Updated review 281b89d2-5112-4923-9a33-46ef594e38ce -> False
2025-07-05 23:24:37,437 | INFO | step_3_classify_reviews | Updated review f441bd87-5d4f-4676-a108-e0ccb3c9d568 -> False
2025-07-05 23:24:38,033 | INFO | step_3_classify_reviews | Updated review 16391ed5-b1c7-4745-b990-3369c7f63a70 -> False
2025-07-05 23:24:38,582 | INFO | step_3_classify_reviews | Updated review 5787f19f-f40e-43c1-962b-6584f83a95e6 -> False
2025-07-05 23:24:39,141 | INFO | step_3_classify_reviews | Updated review 1f8def3b-5ce6-4ace-8b08-7ca5c59d9dbf -> False
2025-07-05 23:24:39,789 | INFO | step_3_classify_reviews | Updated review db7a72f4-bb1f-41f3-b5b1-a85669e73da6 -> False
2025-07-05 23:24:40,355 | INFO | step_3_classify_reviews | Updated review 266db7b7-33c8-444b-a8d3-44499c2c4dc4 -> False
2025-07-05 23:24:40,942 | INFO | step_3_classify_reviews | Updated review aeaa7d7a-5ef7-457b-8d92-3292b4ba734a -> False
2025-07-05 23:24:41,492 | INFO | step_3_classify_reviews | Updated review 5841f10f-9629-47d4-b97c-f84af0d1f547 -> False
2025-07-05 23:24:42,121 | INFO | step_3_classify_reviews | Updated review 28d4ec19-9402-4cb0-a599-e561bb5a7e68 -> False
2025-07-05 23:24:42,782 | INFO | step_3_classify_reviews | Updated review 674f3e2f-28e5-4fb9-998b-228381b981a7 -> False
2025-07-05 23:24:43,373 | INFO | step_3_classify_reviews | Updated review 5b72dcf1-fc95-4d6f-adcc-c001f74f5465 -> False
2025-07-05 23:24:44,006 | INFO | step_3_classify_reviews | Updated review c4b12177-53c5-40aa-9889-165a19b8b6e4 -> False
2025-07-05 23:24:44,667 | INFO | step_3_classify_reviews | Updated review 030b635c-7d84-4779-a51d-df6189e2caf0 -> False
2025-07-05 23:24:45,248 | INFO | step_3_classify_reviews | Updated review 87c32f0a-e610-422b-a05b-d2ce7ba01150 -> False
2025-07-05 23:24:45,884 | INFO | step_3_classify_reviews | Updated review f465d984-b7a0-49ac-89da-fff04cea21d4 -> False
2025-07-05 23:24:46,470 | INFO | step_3_classify_reviews | Updated review 3ef16895-3569-4e3b-b935-04a086a67bae -> False
2025-07-05 23:24:47,080 | INFO | step_3_classify_reviews | Updated review 0f92689b-8676-46a5-88c3-54cf60987c58 -> False
2025-07-05 23:24:47,629 | INFO | step_3_classify_reviews | Updated review 9f7c0a13-581a-46fb-bdf8-f24ce0a4ca17 -> False
2025-07-05 23:24:48,160 | INFO | step_3_classify_reviews | Updated review ee63a4c3-10ee-4491-b776-63b331ba5267 -> False
2025-07-05 23:24:48,685 | INFO | step_3_classify_reviews | Updated review 729253f3-b7f7-4ed6-b3d2-3f6f532dac27 -> False
2025-07-05 23:24:49,347 | INFO | step_3_classify_reviews | Updated review 3eebd4db-7b4f-47ec-9e2b-bd97e1d5243f -> False
2025-07-05 23:24:49,843 | INFO | step_3_classify_reviews | Updated review 31dd08c6-f934-43ec-9b17-5ba1d9f8694c -> False
2025-07-05 23:24:50,579 | INFO | step_3_classify_reviews | Updated review 253e5fe8-77ff-42cf-9c03-802ce7af0fd9 -> False
2025-07-05 23:24:51,291 | INFO | step_3_classify_reviews | Updated review 694ff2ce-4306-42b5-8e45-b9cb546151fc -> False
2025-07-05 23:24:52,540 | INFO | step_3_classify_reviews | Updated review 97c6ed4e-e967-47a2-97ec-1b3549fe5f59 -> False
2025-07-05 23:24:53,156 | INFO | step_3_classify_reviews | Updated review 1d29a2ef-6b4d-4fad-9ee6-feca03cb8368 -> False
2025-07-05 23:24:53,681 | INFO | step_3_classify_reviews | Updated review 252a6e58-a670-44f5-833a-bee7566b6ed3 -> False
2025-07-05 23:24:54,420 | INFO | step_3_classify_reviews | Updated review 6ee082e6-ab66-4db5-804c-940f77c07224 -> False
2025-07-05 23:24:54,984 | INFO | step_3_classify_reviews | Updated review 8f74701c-cd41-4810-b55c-74d8650948c8 -> False
2025-07-05 23:24:55,463 | INFO | step_3_classify_reviews | Updated review 3f94fa8a-cb1c-4f0b-a2dd-f865f7810272 -> False
2025-07-05 23:24:56,022 | INFO | step_3_classify_reviews | Updated review e0ad12fb-6524-4b1d-95ce-f9ef9b6bbd08 -> False
2025-07-05 23:24:57,219 | INFO | step_3_classify_reviews | Updated review bccedcb2-ad16-4d69-8f1d-e3948fce9c7c -> False
2025-07-05 23:24:58,155 | INFO | step_3_classify_reviews | Updated review 79e8f7ae-7ee3-4237-8162-ef0f9c6cec03 -> False
2025-07-05 23:24:58,706 | INFO | step_3_classify_reviews | Updated review c2ac1967-30e4-4b5d-ace4-11b4463261fe -> False
2025-07-05 23:24:59,219 | INFO | step_3_classify_reviews | Updated review f1a5e899-957f-4a09-9001-e1712ff7468f -> False
2025-07-05 23:25:00,050 | INFO | step_3_classify_reviews | Updated review e576e2a9-d795-45e4-838c-df740f598f59 -> False
2025-07-05 23:25:00,560 | INFO | step_3_classify_reviews | Updated review 04d20e0d-2292-49d9-9631-ca537dc6e0c8 -> False
2025-07-05 23:25:01,107 | INFO | step_3_classify_reviews | Updated review 2ce29f7d-45d1-4846-a0be-6ac24bef6d29 -> False
2025-07-05 23:25:01,692 | INFO | step_3_classify_reviews | Updated review 42b631cc-4cec-41f0-be70-77e143866084 -> False
2025-07-05 23:25:02,263 | INFO | step_3_classify_reviews | Updated review 883b44f5-5c2e-49c0-aa45-35618a3916fe -> False
2025-07-05 23:25:02,850 | INFO | step_3_classify_reviews | Updated review eac9f684-8d3f-4f74-a3a7-83c0a8229581 -> False
2025-07-05 23:25:03,493 | INFO | step_3_classify_reviews | Updated review a5e630c5-eca6-4651-a8e7-4030c9104315 -> False
2025-07-05 23:25:04,045 | INFO | step_3_classify_reviews | Updated review b7c500b5-ad31-4660-95f9-0a95290b081f -> False
2025-07-05 23:25:04,695 | INFO | step_3_classify_reviews | Updated review efb4575f-a3c9-4f48-8363-02ffbac0abbc -> False
2025-07-05 23:25:05,269 | INFO | step_3_classify_reviews | Updated review 99ed44e8-7b82-4a32-ba32-ce92629296c1 -> False
2025-07-05 23:25:05,879 | INFO | step_3_classify_reviews | Updated review 3c8ddbb0-fb97-406e-8014-3851c1a73f86 -> False
2025-07-05 23:25:06,568 | INFO | step_3_classify_reviews | Updated review ef9efe7c-68e2-4be0-92c9-3ed338e81b05 -> False
2025-07-05 23:25:07,119 | INFO | step_3_classify_reviews | Updated review c8eb8243-42a8-4282-b6f1-1aa645fd250d -> False
2025-07-05 23:25:08,220 | INFO | step_3_classify_reviews | Updated review 22d01ea5-b44c-49a8-89f5-c1f211ff8e12 -> False
2025-07-05 23:25:08,724 | INFO | step_3_classify_reviews | Updated review fce0aaf8-b28d-46d1-9289-3750cd164bc4 -> False
2025-07-05 23:25:09,321 | INFO | step_3_classify_reviews | Updated review 77ce4df5-98be-4176-bae5-d4ce1ac12aa7 -> False
2025-07-05 23:25:09,955 | INFO | step_3_classify_reviews | Updated review 83a57e8f-3b85-40ca-b047-805e3a37e92a -> False
2025-07-05 23:25:10,674 | INFO | step_3_classify_reviews | Updated review dc85d4a2-5026-4a6c-ae27-671aa6941a9e -> False
2025-07-05 23:25:11,371 | INFO | step_3_classify_reviews | Updated review 2acddcfc-7c66-483d-b7f6-e07087104e55 -> False
2025-07-05 23:25:12,214 | INFO | step_3_classify_reviews | Updated review d58517d7-a6b9-4240-a677-e41a71bc0224 -> False
2025-07-05 23:25:12,785 | INFO | step_3_classify_reviews | Updated review 4278ecf7-c644-4510-a38c-8b79426a73c4 -> False
2025-07-05 23:25:13,337 | INFO | step_3_classify_reviews | Updated review 0f95d6ad-1ec0-4d19-8212-4369e16ee5c0 -> False
2025-07-05 23:25:14,141 | INFO | step_3_classify_reviews | Updated review 292ee3e8-a302-477f-b513-5928dec62b1f -> False
2025-07-05 23:25:14,925 | INFO | step_3_classify_reviews | Updated review 39e76c05-fda0-4126-bf99-daaa47b824f6 -> False
2025-07-05 23:25:15,445 | INFO | step_3_classify_reviews | Updated review b837f4ff-ae04-400b-85f0-880bd49d1843 -> False
2025-07-05 23:25:15,991 | INFO | step_3_classify_reviews | Updated review 79038751-5729-46a4-895d-f393c3568f79 -> False
2025-07-05 23:25:16,709 | INFO | step_3_classify_reviews | Updated review fa7ca433-4a6f-4f62-8cf7-80c99c56b6c4 -> False
2025-07-05 23:25:17,218 | INFO | step_3_classify_reviews | Updated review af5e2e61-c27b-42e0-a5fa-5a2dba7a217b -> False
2025-07-05 23:25:18,054 | INFO | step_3_classify_reviews | Updated review 7c762adc-f7be-4be1-b996-f1c992bd22e5 -> False
2025-07-05 23:25:18,569 | INFO | step_3_classify_reviews | Updated review f7583ee6-0fd3-49b7-bf86-5c4bfa29ed53 -> False
2025-07-05 23:25:20,258 | INFO | step_3_classify_reviews | Updated review e9eb89a4-d63f-4617-ae97-06ac8b8a8ed1 -> False
2025-07-05 23:25:21,113 | INFO | step_3_classify_reviews | Updated review a570ba99-c378-4e23-b709-48417960d97a -> False
2025-07-05 23:25:21,629 | INFO | step_3_classify_reviews | Updated review 2ef2e037-f1de-4543-b249-93125e80c819 -> False
2025-07-05 23:25:22,132 | INFO | step_3_classify_reviews | Updated review fca5a21d-45f7-48ad-ac83-6eb65c334f43 -> False
2025-07-05 23:25:23,023 | INFO | step_3_classify_reviews | Updated review fe33f8ff-b54d-4456-9646-d8202dd28178 -> False
2025-07-05 23:25:23,605 | INFO | step_3_classify_reviews | Updated review a5930e9e-a252-417a-b900-b93f20f8cb7b -> False
2025-07-05 23:25:24,106 | INFO | step_3_classify_reviews | Updated review 3e17d244-6ce3-43f7-b91e-bb6e0ca7beec -> False
2025-07-05 23:25:24,683 | INFO | step_3_classify_reviews | Updated review e9883b82-01f6-4c8e-ad27-ae6c62f8287e -> False
2025-07-05 23:25:25,482 | INFO | step_3_classify_reviews | Updated review 1d6a5838-69b5-46c4-b9fb-cd56a9090be9 -> False
2025-07-05 23:25:26,028 | INFO | step_3_classify_reviews | Updated review 16e30d0f-d13f-40ac-bda3-6ae192344edc -> False
2025-07-05 23:25:26,630 | INFO | step_3_classify_reviews | Updated review e8e4c3ba-3c29-4fd5-bbea-af8fd2eb7c60 -> False
2025-07-05 23:25:27,158 | INFO | step_3_classify_reviews | Updated review 7ad11622-3e04-4649-a8a9-13d3e78acb66 -> False
2025-07-05 23:25:27,717 | INFO | step_3_classify_reviews | Updated review 9ccafb4d-38fe-4705-b16f-3776ed1a8653 -> False
2025-07-05 23:25:28,272 | INFO | step_3_classify_reviews | Updated review 95500cda-7587-4dcc-a302-2797d5a99ffa -> False
2025-07-05 23:25:28,864 | INFO | step_3_classify_reviews | Updated review f7658c55-f675-463d-b3fa-ea0151d02ee6 -> False
2025-07-05 23:25:29,722 | INFO | step_3_classify_reviews | Updated review 37a545e9-2111-4f38-b8c5-2e1225796ed1 -> False
2025-07-05 23:25:30,399 | INFO | step_3_classify_reviews | Updated review a7cab6ac-5d2b-4ff0-a1c2-107d80bf3571 -> False
2025-07-05 23:25:31,123 | INFO | step_3_classify_reviews | Updated review 0dfbcb26-4b3c-4ead-8229-df0a514e21e8 -> False
2025-07-05 23:25:32,232 | INFO | step_3_classify_reviews | Updated review 3342c9d7-5c7c-453f-b7ce-ebbe4d84ef0b -> False
2025-07-05 23:25:32,885 | INFO | step_3_classify_reviews | Updated review ab073d77-978f-43c4-a846-42331da5cf85 -> False
2025-07-05 23:25:33,799 | INFO | step_3_classify_reviews | Updated review 0bee2e7f-5eff-49d5-b2a9-58c227641f2f -> False
2025-07-05 23:25:34,421 | INFO | step_3_classify_reviews | Updated review 6528e5f9-d96d-47c8-ad70-42d1ec895d83 -> False
2025-07-05 23:25:34,983 | INFO | step_3_classify_reviews | Updated review e7ddc642-e90b-4148-9776-a469f5917fb1 -> False
2025-07-05 23:25:36,048 | INFO | step_3_classify_reviews | Updated review 078f76ce-1e22-44f7-b9fc-ca7689e0a050 -> False
2025-07-05 23:25:36,694 | INFO | step_3_classify_reviews | Updated review 78e34cd5-7abe-4297-8566-a73c26b43368 -> False
2025-07-05 23:25:37,332 | INFO | step_3_classify_reviews | Updated review 613884fa-666d-4c72-b65e-5934c21052ab -> False
2025-07-05 23:25:37,845 | INFO | step_3_classify_reviews | Updated review 7defac46-cfbd-44fa-9576-ae76626c8770 -> False
2025-07-05 23:25:38,405 | INFO | step_3_classify_reviews | Updated review e6e4f18a-a418-4a45-91eb-98ceb637d194 -> False
2025-07-05 23:25:38,990 | INFO | step_3_classify_reviews | Updated review 1531e1d9-7303-4d04-b733-fc0f5222e76b -> False
2025-07-05 23:25:40,184 | INFO | step_3_classify_reviews | Updated review 0bc1a59b-d78a-4d3a-b782-58b07914f9be -> False
2025-07-05 23:25:40,913 | INFO | step_3_classify_reviews | Updated review 3b816c91-ecb1-47cc-b2ec-347360af7762 -> False
2025-07-05 23:25:41,553 | INFO | step_3_classify_reviews | Updated review bcebbb69-8e14-4373-a66f-52186a5c5f7e -> False
2025-07-05 23:25:42,354 | INFO | step_3_classify_reviews | Updated review 6cb9bd00-f1cd-4b36-a64d-86a912b03849 -> False
2025-07-05 23:25:43,087 | INFO | step_3_classify_reviews | Updated review c9fc8a99-e538-456b-be03-a7dca48a9ce3 -> False
2025-07-05 23:25:43,682 | INFO | step_3_classify_reviews | Updated review dc9155b8-5726-4cba-b5ad-feb9c15a44f0 -> False
2025-07-05 23:25:44,642 | INFO | step_3_classify_reviews | Updated review 80aab63d-b88d-41b9-bac0-50d8f9fac48f -> False
2025-07-05 23:25:45,306 | INFO | step_3_classify_reviews | Updated review ba809a05-9be6-49dc-b087-69e1acd04fd8 -> False
2025-07-05 23:25:47,221 | INFO | step_3_classify_reviews | Updated review daeeacd2-a73a-4653-af90-a00e380b49fb -> False
2025-07-05 23:25:47,753 | INFO | step_3_classify_reviews | Updated review 58b69988-150d-404a-aa58-b0b8582a16cd -> False
2025-07-05 23:25:48,639 | INFO | step_3_classify_reviews | Updated review 6039ec68-0143-41e6-98a8-8d77de847c7e -> False
2025-07-05 23:25:49,650 | INFO | step_3_classify_reviews | Updated review 31d83252-f90b-4eb1-a30e-b5d23e20be0e -> False
2025-07-05 23:25:50,344 | INFO | step_3_classify_reviews | Updated review e88e72e3-7ad1-4670-a6a8-a780e9fee136 -> False
2025-07-05 23:25:51,192 | INFO | step_3_classify_reviews | Updated review 68fcfc22-f5cd-4c31-b98f-a946810df475 -> False
2025-07-05 23:25:51,912 | INFO | step_3_classify_reviews | Updated review 9503ac7a-9c0d-456e-a371-ed79a54a6862 -> False
2025-07-05 23:25:52,517 | INFO | step_3_classify_reviews | Updated review c46b4bf6-b711-4fe4-a347-3fee92393a5b -> False
2025-07-05 23:25:53,122 | INFO | step_3_classify_reviews | Updated review 8472046f-f01e-4e29-ae40-323d28b85aa8 -> False
2025-07-05 23:25:53,707 | INFO | step_3_classify_reviews | Updated review cf7a897a-e95c-4685-8538-f9090bdf7f7b -> False
2025-07-05 23:25:54,317 | INFO | step_3_classify_reviews | Updated review 7295763e-51f9-4b14-a0a3-7ce0cd2dae16 -> False
2025-07-05 23:25:54,942 | INFO | step_3_classify_reviews | Updated review 1d5919ac-7c07-483a-a7b8-3ba4495a6ffb -> False
2025-07-05 23:25:56,253 | INFO | step_3_classify_reviews | Updated review baa2aa9a-1f03-4272-97ae-494cd2bc4755 -> False
2025-07-05 23:25:56,877 | INFO | step_3_classify_reviews | Updated review dd41ef89-db4c-460b-99a0-cb26fb269c48 -> False
2025-07-05 23:25:57,510 | INFO | step_3_classify_reviews | Updated review 97b61d12-a0d2-4efc-b2ad-82282c136bc0 -> False
2025-07-05 23:25:58,337 | INFO | step_3_classify_reviews | Updated review dc5bcbc2-72bb-4fec-b3c7-7265cb122fee -> False
2025-07-05 23:25:58,952 | INFO | step_3_classify_reviews | Updated review 26d1c10d-08a4-4c77-ba58-a71e7d5a4091 -> False
2025-07-05 23:25:59,675 | INFO | step_3_classify_reviews | Updated review 5aef1498-bb1f-4524-98e6-0beef6c8e1b8 -> False
2025-07-05 23:26:00,511 | INFO | step_3_classify_reviews | Updated review d38ea3b4-bd90-4ba1-975e-424fcd11b7e4 -> False
2025-07-05 23:26:01,034 | INFO | step_3_classify_reviews | Updated review b0b7c950-d8bf-4d27-bcd8-177297e481e9 -> False
2025-07-05 23:26:01,643 | INFO | step_3_classify_reviews | Updated review 0156c2e3-fba2-409b-986f-f3fcca8597aa -> False
2025-07-05 23:26:02,177 | INFO | step_3_classify_reviews | Updated review 2f61f389-89c2-48cd-98fb-e47ff2fd13b9 -> False
2025-07-05 23:26:02,715 | INFO | step_3_classify_reviews | Updated review 85f34007-e353-473f-ac09-f483da625856 -> False
2025-07-05 23:26:03,679 | INFO | step_3_classify_reviews | Updated review 8e53c1ec-2564-40f9-99be-804532a0a476 -> False
2025-07-05 23:26:04,358 | INFO | step_3_classify_reviews | Updated review 7d27e554-4b31-43ad-80d7-c449cf256c4d -> False
2025-07-05 23:26:05,443 | INFO | step_3_classify_reviews | Updated review 11d6d035-a86d-4444-887d-d8a80009f37f -> False
2025-07-05 23:26:06,064 | INFO | step_3_classify_reviews | Updated review c028c755-6184-4f9e-826e-b9b185a40c6f -> False
2025-07-05 23:26:06,679 | INFO | step_3_classify_reviews | Updated review 1aaf4c0c-8812-4e7e-9cb0-75ae5a5f889b -> False
2025-07-05 23:26:07,641 | INFO | step_3_classify_reviews | Updated review 81bf09dc-192e-4f79-bfdc-dad4fb0d21c4 -> False
2025-07-05 23:26:08,445 | INFO | step_3_classify_reviews | Updated review b8d94c3e-80e6-4e38-ac50-902ad5a324f8 -> False
2025-07-05 23:26:08,989 | INFO | step_3_classify_reviews | Updated review 0303e18c-f54e-400b-97c8-e90ead5b2adf -> False
2025-07-05 23:26:09,832 | INFO | step_3_classify_reviews | Updated review d8a35f43-d795-462b-aacc-83d9832dd218 -> False
2025-07-05 23:26:10,552 | INFO | step_3_classify_reviews | Updated review 5ba41023-6e8f-4663-8f3f-edca5d4cdccc -> False
2025-07-05 23:26:11,142 | INFO | step_3_classify_reviews | Updated review 8aa25ae2-e939-4222-9e61-bd1af3502892 -> False
2025-07-05 23:26:11,731 | INFO | step_3_classify_reviews | Updated review f1767491-be6c-4fd3-b69a-a4b188868175 -> False
2025-07-05 23:26:12,413 | INFO | step_3_classify_reviews | Updated review cfdc8dc6-ac20-43ec-9ec9-8226e7e75e12 -> False
2025-07-05 23:26:13,178 | INFO | step_3_classify_reviews | Updated review 84439f1e-a14b-4197-8fb9-8fd939f87e8f -> False
2025-07-05 23:26:13,917 | INFO | step_3_classify_reviews | Updated review 774e7a79-f763-490b-b27a-78ac33a8fdc8 -> False
2025-07-05 23:26:14,459 | INFO | step_3_classify_reviews | Updated review 826cf098-b051-4a53-84b3-d0e6cc24dfa6 -> False
2025-07-05 23:26:15,129 | INFO | step_3_classify_reviews | Updated review 233b1b1f-eac3-40f6-a513-a7e5300e4fae -> False
2025-07-05 23:26:15,644 | INFO | step_3_classify_reviews | Updated review 5676ad60-b5a5-4b7e-8c5f-4ef732a3c92d -> False
2025-07-05 23:26:16,266 | INFO | step_3_classify_reviews | Updated review 4b558317-5546-40aa-8bc1-b9b793245584 -> False
2025-07-05 23:26:16,810 | INFO | step_3_classify_reviews | Updated review 80f6185c-bcfb-493e-942d-8e60b6c12d65 -> False
2025-07-05 23:26:17,327 | INFO | step_3_classify_reviews | Updated review 7df8ef3e-3730-434a-96b4-b1f1962b7101 -> False
2025-07-05 23:26:18,484 | INFO | step_3_classify_reviews | Updated review caae5c7a-fa75-45d4-b987-557e51406b1f -> False
2025-07-05 23:26:19,094 | INFO | step_3_classify_reviews | Updated review 77086289-c8a1-4b73-b8eb-796de96e2637 -> False
2025-07-05 23:26:19,650 | INFO | step_3_classify_reviews | Updated review 5fdd2f00-0b2b-4777-bcfb-335067bb0c20 -> False
2025-07-05 23:26:20,788 | INFO | step_3_classify_reviews | Updated review 2a3b589c-3431-4771-8926-7a9d909ad38a -> False
2025-07-05 23:26:21,277 | INFO | step_3_classify_reviews | Updated review 2fe9d6f3-1724-4966-b9b5-4c3564bc67d5 -> False
2025-07-05 23:26:21,834 | INFO | step_3_classify_reviews | Updated review c6e5e90a-5e3e-4c0d-9ab6-7be81e5e7dfb -> False
2025-07-05 23:26:22,450 | INFO | step_3_classify_reviews | Updated review 13940484-e7cc-492d-8f0f-53f84979d719 -> False
2025-07-05 23:26:23,097 | INFO | step_3_classify_reviews | Updated review a211122b-e4e7-43de-a8f2-410c508ddb7c -> False
2025-07-05 23:26:23,762 | INFO | step_3_classify_reviews | Updated review cc94ac99-64f7-4966-9dd5-701d06656c84 -> False
2025-07-05 23:26:24,458 | INFO | step_3_classify_reviews | Updated review 23ec085b-1143-45fa-ad7c-bfb807a97cdd -> False
2025-07-05 23:26:25,082 | INFO | step_3_classify_reviews | Updated review 9ecf06d3-17eb-488f-812b-d9750fa9f941 -> False
2025-07-05 23:26:25,613 | INFO | step_3_classify_reviews | Updated review 93657bc8-e011-4f61-8e6d-771115d13d7a -> False
2025-07-05 23:26:26,470 | INFO | step_3_classify_reviews | Updated review 18a45d57-aa13-473a-9c49-d4f29b1edb12 -> False
2025-07-05 23:26:27,036 | INFO | step_3_classify_reviews | Updated review cbaea177-94c8-4c29-861b-ff13757db656 -> False
2025-07-05 23:26:27,600 | INFO | step_3_classify_reviews | Updated review c334a96f-cb12-4b76-b08e-3c51778f76a9 -> False
2025-07-05 23:26:28,201 | INFO | step_3_classify_reviews | Updated review 45968317-65ad-4e51-a026-cc06e3e1eec9 -> False
2025-07-05 23:26:28,881 | INFO | step_3_classify_reviews | Updated review acdbdd1a-6607-48d7-8866-4a0715892a20 -> False
2025-07-05 23:26:29,698 | INFO | step_3_classify_reviews | Updated review 4796a9ca-a44d-4aa8-aebe-86a4685d082d -> False
2025-07-05 23:26:30,278 | INFO | step_3_classify_reviews | Updated review 38b31411-8e6b-4c8c-b51f-0362cf4120bb -> False
2025-07-05 23:26:30,922 | INFO | step_3_classify_reviews | Updated review 87d81415-311f-42ac-9731-176efddae612 -> False
2025-07-05 23:26:31,551 | INFO | step_3_classify_reviews | Updated review 5fb0b7d2-6a7d-4006-904f-ca6efbdc2635 -> False
2025-07-05 23:26:32,136 | INFO | step_3_classify_reviews | Updated review e9282f21-761b-4c3a-a88e-32a11dd6beff -> False
2025-07-05 23:26:34,038 | INFO | step_3_classify_reviews | Updated review b7782138-fcc0-4fb0-98db-ab2fe434ed1f -> False
2025-07-05 23:26:34,870 | INFO | step_3_classify_reviews | Updated review a9be0452-0771-4006-a3cd-78d9558aacc2 -> False
2025-07-05 23:26:35,495 | INFO | step_3_classify_reviews | Updated review 68783d86-4fcd-4ced-bc6f-0080057143da -> False
2025-07-05 23:26:36,312 | INFO | step_3_classify_reviews | Updated review bd922161-4806-482d-bfef-d4b750e7514e -> False
2025-07-05 23:26:36,921 | INFO | step_3_classify_reviews | Updated review eb32e09d-ac4d-4593-a1f3-7ea1f5eea999 -> False
2025-07-05 23:26:37,564 | INFO | step_3_classify_reviews | Updated review 6c9772d8-e92e-4c38-9ad9-0292b96139d2 -> False
2025-07-05 23:26:38,141 | INFO | step_3_classify_reviews | Updated review 82ab61cf-f199-444f-affe-a9f8d9965766 -> False
2025-07-05 23:26:38,714 | INFO | step_3_classify_reviews | Updated review e776b05a-e032-4c42-8c3e-7a5bd1cfee47 -> False
2025-07-05 23:26:39,477 | INFO | step_3_classify_reviews | Updated review da6c88d0-1a23-4b30-ae48-29fc0f777aeb -> False
2025-07-05 23:26:40,140 | INFO | step_3_classify_reviews | Updated review 3126da00-3aa6-4d8a-b715-e764ea3a229e -> False
2025-07-05 23:26:40,738 | INFO | step_3_classify_reviews | Updated review 1389d9ce-790a-47c8-ad50-d9fe78d09e19 -> False
2025-07-05 23:26:41,333 | INFO | step_3_classify_reviews | Updated review 6f9670df-a919-49bf-8dda-80f77205a599 -> False
2025-07-05 23:26:41,899 | INFO | step_3_classify_reviews | Updated review 947813b8-e875-4677-931b-58395fe7233d -> False
2025-07-05 23:26:42,461 | INFO | step_3_classify_reviews | Updated review 1f717834-a3c0-493f-886f-d2bfda8d3d80 -> False
2025-07-05 23:26:43,006 | INFO | step_3_classify_reviews | Updated review a7fafced-84cd-4232-92dd-3965058c0710 -> False
2025-07-05 23:26:43,474 | INFO | step_3_classify_reviews | Updated review 922d73f1-9613-4265-89f7-ddd278a7a142 -> False
2025-07-05 23:26:44,296 | INFO | step_3_classify_reviews | Updated review f6e191f8-1044-4b0b-807a-a58503ab87e8 -> False
2025-07-05 23:26:44,914 | INFO | step_3_classify_reviews | Updated review 395019dc-9313-403c-b4b2-eca80b8a413b -> False
2025-07-05 23:26:45,763 | INFO | step_3_classify_reviews | Updated review 678e3ff2-9e54-4d51-9484-f2754f9cceec -> False
2025-07-05 23:26:46,352 | INFO | step_3_classify_reviews | Updated review 2a4471ed-0371-46d5-9ea5-bb05d8956a23 -> False
2025-07-05 23:26:46,935 | INFO | step_3_classify_reviews | Updated review 4c778af1-0816-4688-88a1-eb366497bd86 -> False
2025-07-05 23:26:47,501 | INFO | step_3_classify_reviews | Updated review a685d248-7760-49c5-82cf-15ae482ae69c -> False
2025-07-05 23:26:48,503 | INFO | step_3_classify_reviews | Updated review 69501822-7ba1-48a0-b6db-99053cc09d83 -> False
2025-07-05 23:26:49,155 | INFO | step_3_classify_reviews | Updated review 2a55fe9a-0f3f-4621-b678-89cd259cb3eb -> False
2025-07-05 23:26:49,658 | INFO | step_3_classify_reviews | Updated review d5301665-f198-4deb-9bfb-d7e259ad83f7 -> False
2025-07-05 23:26:50,287 | INFO | step_3_classify_reviews | Updated review d55defb9-0523-480c-af98-c510997f0926 -> False
2025-07-05 23:26:50,891 | INFO | step_3_classify_reviews | Updated review 3c07182b-9974-4c5c-9813-253c0b731dfc -> False
2025-07-05 23:26:51,465 | INFO | step_3_classify_reviews | Updated review 3debfbb8-5094-495b-8362-c29910e96bfd -> False
2025-07-05 23:26:52,005 | INFO | step_3_classify_reviews | Updated review c7f97731-1103-4cfe-9ed6-4fec356dd930 -> False
2025-07-05 23:26:52,621 | INFO | step_3_classify_reviews | Updated review bc088e91-953d-40f9-99f3-436253859e03 -> False
2025-07-05 23:26:53,225 | INFO | step_3_classify_reviews | Updated review 3d705195-8d49-4adf-acfd-d782fc38caf0 -> False
2025-07-05 23:26:53,808 | INFO | step_3_classify_reviews | Updated review e32e0031-ef41-4e08-96c6-16ae6efdfd92 -> False
2025-07-05 23:26:54,396 | INFO | step_3_classify_reviews | Updated review 2d857cd3-239d-4c45-8088-202bc1a4bdff -> False
2025-07-05 23:26:54,966 | INFO | step_3_classify_reviews | Updated review 40b7fcc5-592b-46f4-8949-fc99fd2347b5 -> False
2025-07-05 23:26:55,550 | INFO | step_3_classify_reviews | Updated review f3041650-9c8a-422d-a254-839293373d41 -> False
2025-07-05 23:26:56,085 | INFO | step_3_classify_reviews | Updated review b032db7e-e077-4424-a079-1b0dd9a5c879 -> False
2025-07-05 23:26:56,748 | INFO | step_3_classify_reviews | Updated review 3f8b167e-3a5d-4413-bc4b-de5a5d00b0b9 -> False
2025-07-05 23:26:57,258 | INFO | step_3_classify_reviews | Updated review ea8e6150-9d58-462d-aed6-5482ba6d488d -> False
2025-07-05 23:26:57,944 | INFO | step_3_classify_reviews | Updated review 90560531-0a57-466c-9788-f21d91902bcc -> False
2025-07-05 23:26:58,948 | INFO | step_3_classify_reviews | Updated review cfa865a7-5420-4460-aa5c-1477cbb61175 -> False
2025-07-05 23:26:59,589 | INFO | step_3_classify_reviews | Updated review ab0779a5-b233-482d-8494-56f2bd6d9675 -> False
2025-07-05 23:27:00,293 | INFO | step_3_classify_reviews | Updated review f75534d8-d284-4347-bac4-b6e6d3227d1a -> False
2025-07-05 23:27:00,963 | INFO | step_3_classify_reviews | Updated review 769e477a-2118-4dbd-aff8-bd2733334b49 -> False
2025-07-05 23:27:01,568 | INFO | step_3_classify_reviews | Updated review c8160bed-4a29-49e0-bf89-fcba63b61b93 -> False
2025-07-05 23:27:02,103 | INFO | step_3_classify_reviews | Updated review af57fb76-b79d-47a2-a146-f6b4d87edbe8 -> False
2025-07-05 23:27:02,739 | INFO | step_3_classify_reviews | Updated review 6e6fa959-caca-4925-a8e0-059db864f72d -> False
2025-07-05 23:27:03,391 | INFO | step_3_classify_reviews | Updated review f682003c-2c1d-46fb-808a-6628f99e561d -> False
2025-07-05 23:27:04,030 | INFO | step_3_classify_reviews | Updated review dd64b161-a394-4650-8d62-077b88b10192 -> False
2025-07-05 23:27:04,722 | INFO | step_3_classify_reviews | Updated review 61e4d163-7eae-4ce0-ad27-db96b53f11ae -> False
2025-07-05 23:27:05,316 | INFO | step_3_classify_reviews | Updated review 2069d890-c71c-4d50-9af6-a7c8839ca1a6 -> False
2025-07-05 23:27:05,889 | INFO | step_3_classify_reviews | Updated review 989de2a3-b4e5-4148-85fe-e841309186ae -> False
2025-07-05 23:27:06,741 | INFO | step_3_classify_reviews | Updated review 29453de7-75e2-4d91-82ab-dd8a7af8b7d5 -> False
2025-07-05 23:27:07,829 | INFO | step_3_classify_reviews | Updated review 0540b2fd-88b5-4c4c-8c9b-a2cebdd0ef7d -> False
2025-07-05 23:27:08,525 | INFO | step_3_classify_reviews | Updated review 520b7f8f-33ae-4aca-8c6b-ebc7e0dbd999 -> False
2025-07-05 23:27:09,118 | INFO | step_3_classify_reviews | Updated review 134f5394-833a-4dfd-8ecd-cad30730026e -> False
2025-07-05 23:27:10,339 | INFO | step_3_classify_reviews | Updated review 7fe515da-1596-4016-b4bc-f77c21f32405 -> False
2025-07-05 23:27:11,610 | INFO | step_3_classify_reviews | Updated review 7df06985-e9cb-4f91-b196-adfea348e690 -> False
2025-07-05 23:27:12,416 | INFO | step_3_classify_reviews | Updated review 6f47633a-c169-4eea-a690-52c7936ba3ce -> False
2025-07-05 23:27:13,446 | INFO | step_3_classify_reviews | Updated review 19bebe57-0cf1-456a-b6ac-5b30537ba182 -> True
2025-07-05 23:27:14,611 | INFO | step_3_classify_reviews | Updated review dcf7487c-0a78-4984-bf76-afcc456a7429 -> True
2025-07-05 23:27:15,450 | INFO | step_3_classify_reviews | Updated review ff795268-789d-4269-81e0-8cadfdebb804 -> True
2025-07-05 23:27:16,356 | INFO | step_3_classify_reviews | Updated review 03de6d58-1100-467a-ade1-c94722e854ae -> True
2025-07-05 23:27:17,129 | INFO | step_3_classify_reviews | Updated review 7f4ef912-9557-4c17-bba0-74d43e993a61 -> True
2025-07-05 23:27:17,709 | INFO | step_3_classify_reviews | Updated review b3dbe569-dd1f-4e28-8333-0392f0152c0c -> True
2025-07-05 23:27:18,338 | INFO | step_3_classify_reviews | Updated review 1d49bbb5-83e4-41bc-949c-b5479bda38c4 -> False
2025-07-05 23:27:19,014 | INFO | step_3_classify_reviews | Updated review 081be490-5fcd-4376-bdfa-bd16c5ec691b -> True
2025-07-05 23:27:19,792 | INFO | step_3_classify_reviews | Updated review 787c37fe-81d6-425f-bddd-a02b86ff2e7d -> True
2025-07-05 23:27:20,523 | INFO | step_3_classify_reviews | Updated review 9dd04de8-1b29-43f2-af7b-49a99373e01e -> True
2025-07-05 23:27:21,193 | INFO | step_3_classify_reviews | Updated review 90f86882-9135-4489-bbf7-18e0f0498d72 -> True
2025-07-05 23:27:21,949 | INFO | step_3_classify_reviews | Updated review c2037ee8-aea8-4d57-8ba6-9d318372ef7f -> True
2025-07-05 23:27:22,521 | INFO | step_3_classify_reviews | Updated review 0066f971-9267-4529-a935-e9930838a18e -> False
2025-07-05 23:35:29,961 | INFO | step_3_classify_reviews | Classifying 0 reviews
2025-07-05 23:38:01,301 | INFO | step_3_classify_reviews | Classifying 4 reviews
2025-07-05 23:38:02,167 | INFO | step_3_classify_reviews | Updated review test-id-1 -> True
2025-07-05 23:38:02,846 | INFO | step_3_classify_reviews | Updated review test-id-2 -> False
2025-07-05 23:38:03,546 | INFO | step_3_classify_reviews | Updated review test-id-3 -> False
2025-07-05 23:38:04,306 | INFO | step_3_classify_reviews | Updated review test-id-4 -> True
2025-07-05 23:40:27,274 | INFO | step_3_classify_reviews | Classifying 0 reviews
2025-07-05 23:43:31,709 | INFO | step_3_classify_reviews | Classifying 0 reviews
2025-07-05 23:46:34,765 | INFO | step_3_classify_reviews | Classifying 0 reviews
2025-07-05 23:51:35,559 | INFO | step_3_classify_reviews | Classifying 0 reviews
